Using pre-set license
Built from '2020.3/staging' branch; Version is '2020.3.30f1 (1fb1bf06830e) revision 2077119'; Using compiler version '192528614'; Build Type 'Release'
OS: 'Windows 10  (10.0.19044) 64bit Education' Language: 'ja' Physical Memory: 16216 MB
BatchMode: 1, IsHumanControllingUs: 0, StartBugReporterOnCrash: 0, Is64bit: 1, IsPro: 0

COMMAND LINE ARGUMENTS:
C:\Program Files\Unity\Hub\Editor\2020.3.30f1\Editor\Unity.exe
-adb2
-batchMode
-noUpm
-name
AssetImportWorker0
-projectPath
C:/Users/2016002/Desktop/UnityWork/GameDEV/GD-4GA3-Summer-Main/GD3_SummerProject
-logFile
Logs/AssetImportWorker0.log
-srvPort
50475
Successfully changed project path to: C:/Users/2016002/Desktop/UnityWork/GameDEV/GD-4GA3-Summer-Main/GD3_SummerProject
C:/Users/2016002/Desktop/UnityWork/GameDEV/GD-4GA3-Summer-Main/GD3_SummerProject
Using Asset Import Pipeline V2.
Refreshing native plugins compatible for Editor in 50.06 ms, found 3 plugins.
Preloading 0 native plugins for Editor in 0.00 ms.
Initialize engine version: 2020.3.30f1 (1fb1bf06830e)
[Subsystems] Discovering subsystems at path C:/Program Files/Unity/Hub/Editor/2020.3.30f1/Editor/Data/Resources/UnitySubsystems
[Subsystems] Discovering subsystems at path C:/Users/2016002/Desktop/UnityWork/GameDEV/GD-4GA3-Summer-Main/GD3_SummerProject/Assets
GfxDevice: creating device client; threaded=0
Direct3D:
    Version:  Direct3D 11.0 [level 11.1]
    Renderer: NVIDIA GeForce RTX 2060 (ID=0x1f15)
    Vendor:   
    VRAM:     5980 MB
    Driver:   27.21.14.6242
Initialize mono
Mono path[0] = 'C:/Program Files/Unity/Hub/Editor/2020.3.30f1/Editor/Data/Managed'
Mono path[1] = 'C:/Program Files/Unity/Hub/Editor/2020.3.30f1/Editor/Data/MonoBleedingEdge/lib/mono/unityjit'
Mono config path = 'C:/Program Files/Unity/Hub/Editor/2020.3.30f1/Editor/Data/MonoBleedingEdge/etc'
Using monoOptions --debugger-agent=transport=dt_socket,embedding=1,server=y,suspend=n,address=127.0.0.1:56040
Begin MonoManager ReloadAssembly
Registering precompiled unity dll's ...
Register platform support module: C:/Program Files/Unity/Hub/Editor/2020.3.30f1/Editor/Data/PlaybackEngines/WindowsStandaloneSupport/UnityEditor.WindowsStandalone.Extensions.dll
Registered in 0.001872 seconds.
Native extension for WindowsStandalone target not found
Refreshing native plugins compatible for Editor in 48.76 ms, found 3 plugins.
Preloading 0 native plugins for Editor in 0.00 ms.
Mono: successfully reloaded assembly
- Completed reload, in  0.539 seconds
Domain Reload Profiling:
	ReloadAssembly (539ms)
		BeginReloadAssembly (59ms)
			ExecutionOrderSort (0ms)
			DisableScriptedObjects (0ms)
			BackupInstance (0ms)
			ReleaseScriptingObjects (0ms)
			CreateAndSetChildDomain (1ms)
		EndReloadAssembly (414ms)
			LoadAssemblies (57ms)
			RebuildTransferFunctionScriptingTraits (0ms)
			SetupTypeCache (137ms)
			ReleaseScriptCaches (0ms)
			RebuildScriptCaches (28ms)
			SetupLoadedEditorAssemblies (163ms)
				LogAssemblyErrors (0ms)
				InitializePlatformSupportModulesInManaged (4ms)
				SetLoadedEditorAssemblies (0ms)
				RefreshPlugins (49ms)
				BeforeProcessingInitializeOnLoad (14ms)
				ProcessInitializeOnLoadAttributes (72ms)
				ProcessInitializeOnLoadMethodAttributes (25ms)
				AfterProcessingInitializeOnLoad (0ms)
				EditorAssembliesLoaded (0ms)
			ExecutionOrderSort2 (0ms)
			AwakeInstancesAfterBackupRestoration (0ms)
Platform modules already initialized, skipping
Registering precompiled user dll's ...
Registered in 0.003725 seconds.
Begin MonoManager ReloadAssembly
Symbol file data-0000020A13735010 doesn't match image C:\Users\2016002\Desktop\UnityWork\GameDEV\GD-4GA3-Summer-Main\GD3_SummerProject\Library\ScriptAssemblies\Unity.2D.Animation.Editor.dll
Symbol file LoadedFromMemory is not a mono symbol file
Symbol file data-0000020A1426A8D0 doesn't match image C:\Users\2016002\Desktop\UnityWork\GameDEV\GD-4GA3-Summer-Main\GD3_SummerProject\Library\ScriptAssemblies\Unity.InternalAPIEngineBridge.001.dll
Symbol file LoadedFromMemory is not a mono symbol file
Symbol file data-0000020A1490EA20 doesn't match image C:\Users\2016002\Desktop\UnityWork\GameDEV\GD-4GA3-Summer-Main\GD3_SummerProject\Library\ScriptAssemblies\Unity.2D.PixelPerfect.dll
Symbol file LoadedFromMemory is not a mono symbol file
Symbol file data-0000020A1379DA20 doesn't match image C:\Users\2016002\Desktop\UnityWork\GameDEV\GD-4GA3-Summer-Main\GD3_SummerProject\Library\ScriptAssemblies\Unity.2D.Tilemap.Editor.dll
Symbol file LoadedFromMemory is not a mono symbol file
Symbol file data-0000020A13354060 doesn't match image C:\Users\2016002\Desktop\UnityWork\GameDEV\GD-4GA3-Summer-Main\GD3_SummerProject\Library\ScriptAssemblies\PsdPlugin.dll
Symbol file LoadedFromMemory is not a mono symbol file
Symbol file data-0000020A0F613010 doesn't match image C:\Users\2016002\Desktop\UnityWork\GameDEV\GD-4GA3-Summer-Main\GD3_SummerProject\Library\ScriptAssemblies\Unity.TextMeshPro.Editor.dll
Symbol file LoadedFromMemory is not a mono symbol file
Symbol file data-0000020A137C4310 doesn't match image C:\Users\2016002\Desktop\UnityWork\GameDEV\GD-4GA3-Summer-Main\GD3_SummerProject\Library\ScriptAssemblies\Unity.VisualStudio.Editor.dll
Symbol file LoadedFromMemory is not a mono symbol file
Symbol file data-0000020A12B39620 doesn't match image C:\Users\2016002\Desktop\UnityWork\GameDEV\GD-4GA3-Summer-Main\GD3_SummerProject\Library\ScriptAssemblies\UnityEngine.TestRunner.dll
Symbol file LoadedFromMemory is not a mono symbol file
Symbol file data-0000020A1379DA20 doesn't match image C:\Users\2016002\Desktop\UnityWork\GameDEV\GD-4GA3-Summer-Main\GD3_SummerProject\Library\ScriptAssemblies\Unity.Timeline.dll
Symbol file LoadedFromMemory is not a mono symbol file
Symbol file data-0000020A130E1420 doesn't match image C:\Users\2016002\Desktop\UnityWork\GameDEV\GD-4GA3-Summer-Main\GD3_SummerProject\Library\ScriptAssemblies\Unity.TextMeshPro.dll
Symbol file LoadedFromMemory is not a mono symbol file
Symbol file data-0000020A0F642A30 doesn't match image C:\Users\2016002\Desktop\UnityWork\GameDEV\GD-4GA3-Summer-Main\GD3_SummerProject\Library\ScriptAssemblies\UnityEditor.TestRunner.dll
Symbol file LoadedFromMemory is not a mono symbol file
Symbol file data-0000020A146B11B0 doesn't match image C:\Users\2016002\Desktop\UnityWork\GameDEV\GD-4GA3-Summer-Main\GD3_SummerProject\Library\ScriptAssemblies\Unity.2D.IK.Editor.dll
Symbol file LoadedFromMemory is not a mono symbol file
Symbol file data-0000020A0F642A30 doesn't match image C:\Users\2016002\Desktop\UnityWork\GameDEV\GD-4GA3-Summer-Main\GD3_SummerProject\Library\ScriptAssemblies\Unity.2D.Sprite.Editor.dll
Symbol file LoadedFromMemory is not a mono symbol file
Symbol file data-0000020A137C4310 doesn't match image C:\Users\2016002\Desktop\UnityWork\GameDEV\GD-4GA3-Summer-Main\GD3_SummerProject\Library\ScriptAssemblies\Unity.2D.Psdimporter.Editor.dll
Symbol file LoadedFromMemory is not a mono symbol file
Symbol file data-0000020A12B39620 doesn't match image C:\Users\2016002\Desktop\UnityWork\GameDEV\GD-4GA3-Summer-Main\GD3_SummerProject\Library\ScriptAssemblies\Unity.2D.Path.Editor.dll
Symbol file LoadedFromMemory is not a mono symbol file
Symbol file data-0000020A13ED74C0 doesn't match image C:\Users\2016002\Desktop\UnityWork\GameDEV\GD-4GA3-Summer-Main\GD3_SummerProject\Library\ScriptAssemblies\Unity.InternalAPIEditorBridge.001.dll
Symbol file LoadedFromMemory is not a mono symbol file
Symbol file data-0000020A137C4310 doesn't match image C:\Users\2016002\Desktop\UnityWork\GameDEV\GD-4GA3-Summer-Main\GD3_SummerProject\Library\ScriptAssemblies\UnityEditor.UI.dll
Symbol file LoadedFromMemory is not a mono symbol file
Symbol file data-0000020A0EEEFC80 doesn't match image C:\Users\2016002\Desktop\UnityWork\GameDEV\GD-4GA3-Summer-Main\GD3_SummerProject\Library\ScriptAssemblies\Unity.InputSystem.dll
Symbol file LoadedFromMemory is not a mono symbol file
Symbol file data-0000020A0F3FA020 doesn't match image C:\Users\2016002\Desktop\UnityWork\GameDEV\GD-4GA3-Summer-Main\GD3_SummerProject\Library\ScriptAssemblies\Unity.Rider.Editor.dll
Symbol file LoadedFromMemory is not a mono symbol file
Symbol file data-0000020A137DD010 doesn't match image C:\Users\2016002\Desktop\UnityWork\GameDEV\GD-4GA3-Summer-Main\GD3_SummerProject\Library\ScriptAssemblies\Unity.PlasticSCM.Editor.dll
Symbol file LoadedFromMemory is not a mono symbol file
Symbol file data-0000020A1357C640 doesn't match image C:\Users\2016002\Desktop\UnityWork\GameDEV\GD-4GA3-Summer-Main\GD3_SummerProject\Library\ScriptAssemblies\UnityEngine.UI.dll
Symbol file LoadedFromMemory is not a mono symbol file
Symbol file data-0000020A13194020 doesn't match image C:\Users\2016002\Desktop\UnityWork\GameDEV\GD-4GA3-Summer-Main\GD3_SummerProject\Library\ScriptAssemblies\Unity.Mathematics.dll
Symbol file LoadedFromMemory is not a mono symbol file
Symbol file data-0000020A146B11B0 doesn't match image C:\Users\2016002\Desktop\UnityWork\GameDEV\GD-4GA3-Summer-Main\GD3_SummerProject\Library\ScriptAssemblies\Unity.2D.IK.Runtime.dll
Symbol file LoadedFromMemory is not a mono symbol file
Symbol file data-0000020A13821670 doesn't match image C:\Users\2016002\Desktop\UnityWork\GameDEV\GD-4GA3-Summer-Main\GD3_SummerProject\Library\ScriptAssemblies\Unity.Services.Core.Editor.dll
Symbol file LoadedFromMemory is not a mono symbol file
Symbol file data-0000020A13194020 doesn't match image C:\Users\2016002\Desktop\UnityWork\GameDEV\GD-4GA3-Summer-Main\GD3_SummerProject\Library\ScriptAssemblies\Unity.2D.Animation.Triangle.Runtime.dll
Symbol file LoadedFromMemory is not a mono symbol file
Symbol file data-0000020A12B41630 doesn't match image C:\Users\2016002\Desktop\UnityWork\GameDEV\GD-4GA3-Summer-Main\GD3_SummerProject\Library\ScriptAssemblies\Unity.2D.Animation.Runtime.dll
Symbol file LoadedFromMemory is not a mono symbol file
Symbol file data-0000020A1332E4B0 doesn't match image C:\Users\2016002\Desktop\UnityWork\GameDEV\GD-4GA3-Summer-Main\GD3_SummerProject\Library\ScriptAssemblies\Unity.2D.PixelPerfect.Editor.dll
Symbol file LoadedFromMemory is not a mono symbol file
Symbol file data-0000020A13194020 doesn't match image C:\Users\2016002\Desktop\UnityWork\GameDEV\GD-4GA3-Summer-Main\GD3_SummerProject\Library\ScriptAssemblies\Unity.Timeline.Editor.dll
Symbol file LoadedFromMemory is not a mono symbol file
Symbol file data-0000020A131BC630 doesn't match image C:\Users\2016002\Desktop\UnityWork\GameDEV\GD-4GA3-Summer-Main\GD3_SummerProject\Library\ScriptAssemblies\Unity.CollabProxy.Editor.dll
Symbol file LoadedFromMemory is not a mono symbol file
Symbol file data-0000020A0F31A220 doesn't match image C:\Users\2016002\Desktop\UnityWork\GameDEV\GD-4GA3-Summer-Main\GD3_SummerProject\Library\ScriptAssemblies\Unity.Mathematics.Editor.dll
Symbol file LoadedFromMemory is not a mono symbol file
Symbol file data-0000020A1455A420 doesn't match image C:\Users\2016002\Desktop\UnityWork\GameDEV\GD-4GA3-Summer-Main\GD3_SummerProject\Library\ScriptAssemblies\Unity.2D.Common.Runtime.dll
Symbol file LoadedFromMemory is not a mono symbol file
Symbol file data-0000020A1380AC20 doesn't match image C:\Users\2016002\Desktop\UnityWork\GameDEV\GD-4GA3-Summer-Main\GD3_SummerProject\Library\ScriptAssemblies\Unity.2D.SpriteShape.Editor.dll
Symbol file LoadedFromMemory is not a mono symbol file
Symbol file data-0000020A1335B470 doesn't match image C:\Users\2016002\Desktop\UnityWork\GameDEV\GD-4GA3-Summer-Main\GD3_SummerProject\Library\ScriptAssemblies\Unity.2D.Common.Editor.dll
Symbol file LoadedFromMemory is not a mono symbol file
Symbol file data-0000020A131D8250 doesn't match image C:\Users\2016002\Desktop\UnityWork\GameDEV\GD-4GA3-Summer-Main\GD3_SummerProject\Library\ScriptAssemblies\Unity.2D.SpriteShape.Runtime.dll
Symbol file LoadedFromMemory is not a mono symbol file
Native extension for WindowsStandalone target not found
Refreshing native plugins compatible for Editor in 43.65 ms, found 3 plugins.
Preloading 0 native plugins for Editor in 0.00 ms.
Mono: successfully reloaded assembly
- Completed reload, in  0.979 seconds
Domain Reload Profiling:
	ReloadAssembly (979ms)
		BeginReloadAssembly (123ms)
			ExecutionOrderSort (0ms)
			DisableScriptedObjects (4ms)
			BackupInstance (0ms)
			ReleaseScriptingObjects (0ms)
			CreateAndSetChildDomain (15ms)
		EndReloadAssembly (803ms)
			LoadAssemblies (85ms)
			RebuildTransferFunctionScriptingTraits (0ms)
			SetupTypeCache (246ms)
			ReleaseScriptCaches (0ms)
			RebuildScriptCaches (43ms)
			SetupLoadedEditorAssemblies (335ms)
				LogAssemblyErrors (0ms)
				InitializePlatformSupportModulesInManaged (3ms)
				SetLoadedEditorAssemblies (0ms)
				RefreshPlugins (44ms)
				BeforeProcessingInitializeOnLoad (76ms)
				ProcessInitializeOnLoadAttributes (193ms)
				ProcessInitializeOnLoadMethodAttributes (13ms)
				AfterProcessingInitializeOnLoad (6ms)
				EditorAssembliesLoaded (0ms)
			ExecutionOrderSort2 (0ms)
			AwakeInstancesAfterBackupRestoration (5ms)
Platform modules already initialized, skipping
========================================================================
Worker process is ready to serve import requests
Launched and connected shader compiler UnityShaderCompiler.exe after 0.04 seconds
Refreshing native plugins compatible for Editor in 0.44 ms, found 3 plugins.
Preloading 0 native plugins for Editor in 0.00 ms.
Unloading 2585 Unused Serialized files (Serialized files now loaded: 0)
System memory in use before: 114.1 MB.
System memory in use after: 114.2 MB.

Unloading 33 unused Assets to reduce memory usage. Loaded Objects now: 3022.
Total: 3.921400 ms (FindLiveObjects: 0.179200 ms CreateObjectMapping: 0.147300 ms MarkObjects: 3.493100 ms  DeleteObjects: 0.101100 ms)

AssetImportParameters requested are different than current active one (requested -> active):
  custom:framework-win-MediaFoundation: 216162199b28c13a410421893ffa2e32 -> 
  custom:video-decoder-ogg-theora: a1e56fd34408186e4bbccfd4996cb3dc -> 
  custom:container-muxer-webm: aa71ff27fc2769a1b78a27578f13a17b -> 
  custom:container-demuxer-webm: 4f35f7cbe854078d1ac9338744f61a02 -> 
  custom:container-demuxer-ogg: 62fdf1f143b41e24485cea50d1cbac27 -> 
  custom:video-encoder-webm-vp8: eb34c28f22e8b96e1ab97ce403110664 -> 
  custom:video-decoder-webm-vp8: 9c59270c3fd7afecdb556c50c9e8de78 -> 
  custom:audio-decoder-ogg-vorbis: bf7c407c2cedff20999df2af8eb42d56 -> 
  custom:audio-encoder-webm-vorbis: bf7c407c2cedff20999df2af8eb42d56 -> 
========================================================================
Received Import Request.
  path: Assets/TextMesh Pro/Resources/Fonts & Materials/Corporate-Logo-Medium-ver2 SDF.asset
  artifactKey: Guid(7a9bc6069c010094398f07cf59f1c639) Importer(815301076,1909f56bfc062723c751e8b465ee728b)
Start importing Assets/TextMesh Pro/Resources/Fonts & Materials/Corporate-Logo-Medium-ver2 SDF.asset using Guid(7a9bc6069c010094398f07cf59f1c639) Importer(815301076,1909f56bfc062723c751e8b465ee728b)  -> (artifact id: '8407b677627ab45313fb3be7eb9d895c') in 1.011395 seconds 
========================================================================
Received Prepare
Registering precompiled user dll's ...
Registered in 0.003093 seconds.
Begin MonoManager ReloadAssembly
Symbol file data-0000020A13735010 doesn't match image C:\Users\2016002\Desktop\UnityWork\GameDEV\GD-4GA3-Summer-Main\GD3_SummerProject\Library\ScriptAssemblies\Unity.2D.Animation.Editor.dll
Symbol file LoadedFromMemory is not a mono symbol file
Symbol file data-0000020A18FBB6D0 doesn't match image C:\Users\2016002\Desktop\UnityWork\GameDEV\GD-4GA3-Summer-Main\GD3_SummerProject\Library\ScriptAssemblies\Unity.InternalAPIEngineBridge.001.dll
Symbol file LoadedFromMemory is not a mono symbol file
Symbol file data-0000020A1732A1C0 doesn't match image C:\Users\2016002\Desktop\UnityWork\GameDEV\GD-4GA3-Summer-Main\GD3_SummerProject\Library\ScriptAssemblies\Unity.2D.PixelPerfect.dll
Symbol file LoadedFromMemory is not a mono symbol file
Symbol file data-0000020A17A70E40 doesn't match image C:\Users\2016002\Desktop\UnityWork\GameDEV\GD-4GA3-Summer-Main\GD3_SummerProject\Library\ScriptAssemblies\Unity.2D.Tilemap.Editor.dll
Symbol file LoadedFromMemory is not a mono symbol file
Symbol file data-0000020A14B1F010 doesn't match image C:\Users\2016002\Desktop\UnityWork\GameDEV\GD-4GA3-Summer-Main\GD3_SummerProject\Library\ScriptAssemblies\PsdPlugin.dll
Symbol file LoadedFromMemory is not a mono symbol file
Symbol file data-0000020A149B9010 doesn't match image C:\Users\2016002\Desktop\UnityWork\GameDEV\GD-4GA3-Summer-Main\GD3_SummerProject\Library\ScriptAssemblies\Unity.TextMeshPro.Editor.dll
Symbol file LoadedFromMemory is not a mono symbol file
Symbol file data-0000020A139BB010 doesn't match image C:\Users\2016002\Desktop\UnityWork\GameDEV\GD-4GA3-Summer-Main\GD3_SummerProject\Library\ScriptAssemblies\Unity.VisualStudio.Editor.dll
Symbol file LoadedFromMemory is not a mono symbol file
Symbol file data-0000020A17A70E40 doesn't match image C:\Users\2016002\Desktop\UnityWork\GameDEV\GD-4GA3-Summer-Main\GD3_SummerProject\Library\ScriptAssemblies\UnityEngine.TestRunner.dll
Symbol file LoadedFromMemory is not a mono symbol file
Symbol file data-0000020A17A70E40 doesn't match image C:\Users\2016002\Desktop\UnityWork\GameDEV\GD-4GA3-Summer-Main\GD3_SummerProject\Library\ScriptAssemblies\Unity.Timeline.dll
Symbol file LoadedFromMemory is not a mono symbol file
Symbol file data-0000020A0EEEFC80 doesn't match image C:\Users\2016002\Desktop\UnityWork\GameDEV\GD-4GA3-Summer-Main\GD3_SummerProject\Library\ScriptAssemblies\Unity.TextMeshPro.dll
Symbol file LoadedFromMemory is not a mono symbol file
Symbol file data-0000020A0F75D010 doesn't match image C:\Users\2016002\Desktop\UnityWork\GameDEV\GD-4GA3-Summer-Main\GD3_SummerProject\Library\ScriptAssemblies\UnityEditor.TestRunner.dll
Symbol file LoadedFromMemory is not a mono symbol file
Symbol file data-0000020A0F38CE50 doesn't match image C:\Users\2016002\Desktop\UnityWork\GameDEV\GD-4GA3-Summer-Main\GD3_SummerProject\Library\ScriptAssemblies\Unity.2D.IK.Editor.dll
Symbol file LoadedFromMemory is not a mono symbol file
Symbol file data-0000020A17A70E40 doesn't match image C:\Users\2016002\Desktop\UnityWork\GameDEV\GD-4GA3-Summer-Main\GD3_SummerProject\Library\ScriptAssemblies\Unity.2D.Sprite.Editor.dll
Symbol file LoadedFromMemory is not a mono symbol file
Symbol file data-0000020A18A8A560 doesn't match image C:\Users\2016002\Desktop\UnityWork\GameDEV\GD-4GA3-Summer-Main\GD3_SummerProject\Library\ScriptAssemblies\Unity.2D.Psdimporter.Editor.dll
Symbol file LoadedFromMemory is not a mono symbol file
Symbol file data-0000020A18A8A560 doesn't match image C:\Users\2016002\Desktop\UnityWork\GameDEV\GD-4GA3-Summer-Main\GD3_SummerProject\Library\ScriptAssemblies\Unity.2D.Path.Editor.dll
Symbol file LoadedFromMemory is not a mono symbol file
Symbol file data-0000020A1380F7B0 doesn't match image C:\Users\2016002\Desktop\UnityWork\GameDEV\GD-4GA3-Summer-Main\GD3_SummerProject\Library\ScriptAssemblies\Unity.InternalAPIEditorBridge.001.dll
Symbol file LoadedFromMemory is not a mono symbol file
Symbol file data-0000020A18A8A560 doesn't match image C:\Users\2016002\Desktop\UnityWork\GameDEV\GD-4GA3-Summer-Main\GD3_SummerProject\Library\ScriptAssemblies\UnityEditor.UI.dll
Symbol file LoadedFromMemory is not a mono symbol file
Symbol file data-0000020A13662020 doesn't match image C:\Users\2016002\Desktop\UnityWork\GameDEV\GD-4GA3-Summer-Main\GD3_SummerProject\Library\ScriptAssemblies\Unity.InputSystem.dll
Symbol file LoadedFromMemory is not a mono symbol file
Symbol file data-0000020A14864710 doesn't match image C:\Users\2016002\Desktop\UnityWork\GameDEV\GD-4GA3-Summer-Main\GD3_SummerProject\Library\ScriptAssemblies\Unity.Rider.Editor.dll
Symbol file LoadedFromMemory is not a mono symbol file
Symbol file data-0000020A13502020 doesn't match image C:\Users\2016002\Desktop\UnityWork\GameDEV\GD-4GA3-Summer-Main\GD3_SummerProject\Library\ScriptAssemblies\Unity.PlasticSCM.Editor.dll
Symbol file LoadedFromMemory is not a mono symbol file
Symbol file data-0000020A12FC2020 doesn't match image C:\Users\2016002\Desktop\UnityWork\GameDEV\GD-4GA3-Summer-Main\GD3_SummerProject\Library\ScriptAssemblies\UnityEngine.UI.dll
Symbol file LoadedFromMemory is not a mono symbol file
Symbol file data-0000020A13A0F010 doesn't match image C:\Users\2016002\Desktop\UnityWork\GameDEV\GD-4GA3-Summer-Main\GD3_SummerProject\Library\ScriptAssemblies\Unity.Mathematics.dll
Symbol file LoadedFromMemory is not a mono symbol file
Symbol file data-0000020A189AF280 doesn't match image C:\Users\2016002\Desktop\UnityWork\GameDEV\GD-4GA3-Summer-Main\GD3_SummerProject\Library\ScriptAssemblies\Unity.2D.IK.Runtime.dll
Symbol file LoadedFromMemory is not a mono symbol file
Symbol file data-0000020A0F355010 doesn't match image C:\Users\2016002\Desktop\UnityWork\GameDEV\GD-4GA3-Summer-Main\GD3_SummerProject\Library\ScriptAssemblies\Unity.Services.Core.Editor.dll
Symbol file LoadedFromMemory is not a mono symbol file
Symbol file data-0000020A12FC2020 doesn't match image C:\Users\2016002\Desktop\UnityWork\GameDEV\GD-4GA3-Summer-Main\GD3_SummerProject\Library\ScriptAssemblies\Unity.2D.Animation.Triangle.Runtime.dll
Symbol file LoadedFromMemory is not a mono symbol file
Symbol file data-0000020A0F355010 doesn't match image C:\Users\2016002\Desktop\UnityWork\GameDEV\GD-4GA3-Summer-Main\GD3_SummerProject\Library\ScriptAssemblies\Unity.2D.Animation.Runtime.dll
Symbol file LoadedFromMemory is not a mono symbol file
Symbol file data-0000020A16F64B00 doesn't match image C:\Users\2016002\Desktop\UnityWork\GameDEV\GD-4GA3-Summer-Main\GD3_SummerProject\Library\ScriptAssemblies\Unity.2D.PixelPerfect.Editor.dll
Symbol file LoadedFromMemory is not a mono symbol file
Symbol file data-0000020A16020080 doesn't match image C:\Users\2016002\Desktop\UnityWork\GameDEV\GD-4GA3-Summer-Main\GD3_SummerProject\Library\ScriptAssemblies\Unity.Timeline.Editor.dll
Symbol file LoadedFromMemory is not a mono symbol file
Symbol file data-0000020A1459D020 doesn't match image C:\Users\2016002\Desktop\UnityWork\GameDEV\GD-4GA3-Summer-Main\GD3_SummerProject\Library\ScriptAssemblies\Unity.CollabProxy.Editor.dll
Symbol file LoadedFromMemory is not a mono symbol file
Symbol file data-0000020A18C1E910 doesn't match image C:\Users\2016002\Desktop\UnityWork\GameDEV\GD-4GA3-Summer-Main\GD3_SummerProject\Library\ScriptAssemblies\Unity.Mathematics.Editor.dll
Symbol file LoadedFromMemory is not a mono symbol file
Symbol file data-0000020A1455A230 doesn't match image C:\Users\2016002\Desktop\UnityWork\GameDEV\GD-4GA3-Summer-Main\GD3_SummerProject\Library\ScriptAssemblies\Unity.2D.Common.Runtime.dll
Symbol file LoadedFromMemory is not a mono symbol file
Symbol file data-0000020A0F384020 doesn't match image C:\Users\2016002\Desktop\UnityWork\GameDEV\GD-4GA3-Summer-Main\GD3_SummerProject\Library\ScriptAssemblies\Unity.2D.SpriteShape.Editor.dll
Symbol file LoadedFromMemory is not a mono symbol file
Symbol file data-0000020A0F114A20 doesn't match image C:\Users\2016002\Desktop\UnityWork\GameDEV\GD-4GA3-Summer-Main\GD3_SummerProject\Library\ScriptAssemblies\Unity.2D.Common.Editor.dll
Symbol file LoadedFromMemory is not a mono symbol file
Symbol file data-0000020A1459D020 doesn't match image C:\Users\2016002\Desktop\UnityWork\GameDEV\GD-4GA3-Summer-Main\GD3_SummerProject\Library\ScriptAssemblies\Unity.2D.SpriteShape.Runtime.dll
Symbol file LoadedFromMemory is not a mono symbol file
Native extension for WindowsStandalone target not found
Refreshing native plugins compatible for Editor in 0.63 ms, found 3 plugins.
Preloading 0 native plugins for Editor in 0.00 ms.
Mono: successfully reloaded assembly
- Completed reload, in  0.988 seconds
Domain Reload Profiling:
	ReloadAssembly (989ms)
		BeginReloadAssembly (110ms)
			ExecutionOrderSort (0ms)
			DisableScriptedObjects (5ms)
			BackupInstance (0ms)
			ReleaseScriptingObjects (0ms)
			CreateAndSetChildDomain (31ms)
		EndReloadAssembly (825ms)
			LoadAssemblies (88ms)
			RebuildTransferFunctionScriptingTraits (0ms)
			SetupTypeCache (264ms)
			ReleaseScriptCaches (1ms)
			RebuildScriptCaches (43ms)
			SetupLoadedEditorAssemblies (328ms)
				LogAssemblyErrors (0ms)
				InitializePlatformSupportModulesInManaged (3ms)
				SetLoadedEditorAssemblies (0ms)
				RefreshPlugins (1ms)
				BeforeProcessingInitializeOnLoad (75ms)
				ProcessInitializeOnLoadAttributes (233ms)
				ProcessInitializeOnLoadMethodAttributes (9ms)
				AfterProcessingInitializeOnLoad (6ms)
				EditorAssembliesLoaded (0ms)
			ExecutionOrderSort2 (0ms)
			AwakeInstancesAfterBackupRestoration (8ms)
Platform modules already initialized, skipping
Refreshing native plugins compatible for Editor in 0.49 ms, found 3 plugins.
Preloading 0 native plugins for Editor in 0.00 ms.
Unloading 2566 Unused Serialized files (Serialized files now loaded: 0)
System memory in use before: 116.2 MB.
System memory in use after: 116.3 MB.

Unloading 21 unused Assets to reduce memory usage. Loaded Objects now: 3066.
Total: 2.888800 ms (FindLiveObjects: 0.187900 ms CreateObjectMapping: 0.090800 ms MarkObjects: 2.509500 ms  DeleteObjects: 0.099800 ms)

AssetImportParameters requested are different than current active one (requested -> active):
  custom:framework-win-MediaFoundation: 216162199b28c13a410421893ffa2e32 -> 
  custom:video-decoder-ogg-theora: a1e56fd34408186e4bbccfd4996cb3dc -> 
  custom:container-muxer-webm: aa71ff27fc2769a1b78a27578f13a17b -> 
  custom:container-demuxer-webm: 4f35f7cbe854078d1ac9338744f61a02 -> 
  custom:container-demuxer-ogg: 62fdf1f143b41e24485cea50d1cbac27 -> 
  custom:video-encoder-webm-vp8: eb34c28f22e8b96e1ab97ce403110664 -> 
  custom:video-decoder-webm-vp8: 9c59270c3fd7afecdb556c50c9e8de78 -> 
  custom:audio-decoder-ogg-vorbis: bf7c407c2cedff20999df2af8eb42d56 -> 
  custom:audio-encoder-webm-vorbis: bf7c407c2cedff20999df2af8eb42d56 -> 
========================================================================
Received Prepare
Registering precompiled user dll's ...
Registered in 0.003047 seconds.
Begin MonoManager ReloadAssembly
Symbol file data-0000020A137DD010 doesn't match image C:\Users\2016002\Desktop\UnityWork\GameDEV\GD-4GA3-Summer-Main\GD3_SummerProject\Library\ScriptAssemblies\Unity.2D.Animation.Editor.dll
Symbol file LoadedFromMemory is not a mono symbol file
Symbol file data-0000020A16B387F0 doesn't match image C:\Users\2016002\Desktop\UnityWork\GameDEV\GD-4GA3-Summer-Main\GD3_SummerProject\Library\ScriptAssemblies\Unity.InternalAPIEngineBridge.001.dll
Symbol file LoadedFromMemory is not a mono symbol file
Symbol file data-0000020A171D1AA0 doesn't match image C:\Users\2016002\Desktop\UnityWork\GameDEV\GD-4GA3-Summer-Main\GD3_SummerProject\Library\ScriptAssemblies\Unity.2D.PixelPerfect.dll
Symbol file LoadedFromMemory is not a mono symbol file
Symbol file data-0000020A1392F030 doesn't match image C:\Users\2016002\Desktop\UnityWork\GameDEV\GD-4GA3-Summer-Main\GD3_SummerProject\Library\ScriptAssemblies\Unity.2D.Tilemap.Editor.dll
Symbol file LoadedFromMemory is not a mono symbol file
Symbol file data-0000020A13293060 doesn't match image C:\Users\2016002\Desktop\UnityWork\GameDEV\GD-4GA3-Summer-Main\GD3_SummerProject\Library\ScriptAssemblies\PsdPlugin.dll
Symbol file LoadedFromMemory is not a mono symbol file
Symbol file data-0000020A16539020 doesn't match image C:\Users\2016002\Desktop\UnityWork\GameDEV\GD-4GA3-Summer-Main\GD3_SummerProject\Library\ScriptAssemblies\Unity.TextMeshPro.Editor.dll
Symbol file LoadedFromMemory is not a mono symbol file
Symbol file data-0000020A0F671D00 doesn't match image C:\Users\2016002\Desktop\UnityWork\GameDEV\GD-4GA3-Summer-Main\GD3_SummerProject\Library\ScriptAssemblies\Unity.VisualStudio.Editor.dll
Symbol file LoadedFromMemory is not a mono symbol file
Symbol file data-0000020A13293060 doesn't match image C:\Users\2016002\Desktop\UnityWork\GameDEV\GD-4GA3-Summer-Main\GD3_SummerProject\Library\ScriptAssemblies\UnityEngine.TestRunner.dll
Symbol file LoadedFromMemory is not a mono symbol file
Symbol file data-0000020A1392F030 doesn't match image C:\Users\2016002\Desktop\UnityWork\GameDEV\GD-4GA3-Summer-Main\GD3_SummerProject\Library\ScriptAssemblies\Unity.Timeline.dll
Symbol file LoadedFromMemory is not a mono symbol file
Symbol file data-0000020A137DD010 doesn't match image C:\Users\2016002\Desktop\UnityWork\GameDEV\GD-4GA3-Summer-Main\GD3_SummerProject\Library\ScriptAssemblies\Unity.TextMeshPro.dll
Symbol file LoadedFromMemory is not a mono symbol file
Symbol file data-0000020A0F75D010 doesn't match image C:\Users\2016002\Desktop\UnityWork\GameDEV\GD-4GA3-Summer-Main\GD3_SummerProject\Library\ScriptAssemblies\UnityEditor.TestRunner.dll
Symbol file LoadedFromMemory is not a mono symbol file
Symbol file data-0000020A134030A0 doesn't match image C:\Users\2016002\Desktop\UnityWork\GameDEV\GD-4GA3-Summer-Main\GD3_SummerProject\Library\ScriptAssemblies\Unity.2D.IK.Editor.dll
Symbol file LoadedFromMemory is not a mono symbol file
Symbol file data-0000020A16539020 doesn't match image C:\Users\2016002\Desktop\UnityWork\GameDEV\GD-4GA3-Summer-Main\GD3_SummerProject\Library\ScriptAssemblies\Unity.2D.Sprite.Editor.dll
Symbol file LoadedFromMemory is not a mono symbol file
Symbol file data-0000020A0F671D00 doesn't match image C:\Users\2016002\Desktop\UnityWork\GameDEV\GD-4GA3-Summer-Main\GD3_SummerProject\Library\ScriptAssemblies\Unity.2D.Psdimporter.Editor.dll
Symbol file LoadedFromMemory is not a mono symbol file
Symbol file data-0000020A14A0B010 doesn't match image C:\Users\2016002\Desktop\UnityWork\GameDEV\GD-4GA3-Summer-Main\GD3_SummerProject\Library\ScriptAssemblies\Unity.2D.Path.Editor.dll
Symbol file LoadedFromMemory is not a mono symbol file
Symbol file data-0000020A1376C220 doesn't match image C:\Users\2016002\Desktop\UnityWork\GameDEV\GD-4GA3-Summer-Main\GD3_SummerProject\Library\ScriptAssemblies\Unity.InternalAPIEditorBridge.001.dll
Symbol file LoadedFromMemory is not a mono symbol file
Symbol file data-0000020A0F671D00 doesn't match image C:\Users\2016002\Desktop\UnityWork\GameDEV\GD-4GA3-Summer-Main\GD3_SummerProject\Library\ScriptAssemblies\UnityEditor.UI.dll
Symbol file LoadedFromMemory is not a mono symbol file
Symbol file data-0000020A17754010 doesn't match image C:\Users\2016002\Desktop\UnityWork\GameDEV\GD-4GA3-Summer-Main\GD3_SummerProject\Library\ScriptAssemblies\Unity.InputSystem.dll
Symbol file LoadedFromMemory is not a mono symbol file
Symbol file data-0000020A0F355010 doesn't match image C:\Users\2016002\Desktop\UnityWork\GameDEV\GD-4GA3-Summer-Main\GD3_SummerProject\Library\ScriptAssemblies\Unity.Rider.Editor.dll
Symbol file LoadedFromMemory is not a mono symbol file
Symbol file data-0000020A1751C030 doesn't match image C:\Users\2016002\Desktop\UnityWork\GameDEV\GD-4GA3-Summer-Main\GD3_SummerProject\Library\ScriptAssemblies\Unity.PlasticSCM.Editor.dll
Symbol file LoadedFromMemory is not a mono symbol file
Symbol file data-0000020A16995030 doesn't match image C:\Users\2016002\Desktop\UnityWork\GameDEV\GD-4GA3-Summer-Main\GD3_SummerProject\Library\ScriptAssemblies\UnityEngine.UI.dll
Symbol file LoadedFromMemory is not a mono symbol file
Symbol file data-0000020A13A0F010 doesn't match image C:\Users\2016002\Desktop\UnityWork\GameDEV\GD-4GA3-Summer-Main\GD3_SummerProject\Library\ScriptAssemblies\Unity.Mathematics.dll
Symbol file LoadedFromMemory is not a mono symbol file
Symbol file data-0000020A17130CC0 doesn't match image C:\Users\2016002\Desktop\UnityWork\GameDEV\GD-4GA3-Summer-Main\GD3_SummerProject\Library\ScriptAssemblies\Unity.2D.IK.Runtime.dll
Symbol file LoadedFromMemory is not a mono symbol file
Symbol file data-0000020A138FB510 doesn't match image C:\Users\2016002\Desktop\UnityWork\GameDEV\GD-4GA3-Summer-Main\GD3_SummerProject\Library\ScriptAssemblies\Unity.Services.Core.Editor.dll
Symbol file LoadedFromMemory is not a mono symbol file
Symbol file data-0000020A16995030 doesn't match image C:\Users\2016002\Desktop\UnityWork\GameDEV\GD-4GA3-Summer-Main\GD3_SummerProject\Library\ScriptAssemblies\Unity.2D.Animation.Triangle.Runtime.dll
Symbol file LoadedFromMemory is not a mono symbol file
Symbol file data-0000020A13440060 doesn't match image C:\Users\2016002\Desktop\UnityWork\GameDEV\GD-4GA3-Summer-Main\GD3_SummerProject\Library\ScriptAssemblies\Unity.2D.Animation.Runtime.dll
Symbol file LoadedFromMemory is not a mono symbol file
Symbol file data-0000020A16F60B90 doesn't match image C:\Users\2016002\Desktop\UnityWork\GameDEV\GD-4GA3-Summer-Main\GD3_SummerProject\Library\ScriptAssemblies\Unity.2D.PixelPerfect.Editor.dll
Symbol file LoadedFromMemory is not a mono symbol file
Symbol file data-0000020A16020080 doesn't match image C:\Users\2016002\Desktop\UnityWork\GameDEV\GD-4GA3-Summer-Main\GD3_SummerProject\Library\ScriptAssemblies\Unity.Timeline.Editor.dll
Symbol file LoadedFromMemory is not a mono symbol file
Symbol file data-0000020A17448020 doesn't match image C:\Users\2016002\Desktop\UnityWork\GameDEV\GD-4GA3-Summer-Main\GD3_SummerProject\Library\ScriptAssemblies\Unity.CollabProxy.Editor.dll
Symbol file LoadedFromMemory is not a mono symbol file
Symbol file data-0000020A3E16C990 doesn't match image C:\Users\2016002\Desktop\UnityWork\GameDEV\GD-4GA3-Summer-Main\GD3_SummerProject\Library\ScriptAssemblies\Unity.Mathematics.Editor.dll
Symbol file LoadedFromMemory is not a mono symbol file
Symbol file data-0000020A1455A230 doesn't match image C:\Users\2016002\Desktop\UnityWork\GameDEV\GD-4GA3-Summer-Main\GD3_SummerProject\Library\ScriptAssemblies\Unity.2D.Common.Runtime.dll
Symbol file LoadedFromMemory is not a mono symbol file
Symbol file data-0000020A0F671D00 doesn't match image C:\Users\2016002\Desktop\UnityWork\GameDEV\GD-4GA3-Summer-Main\GD3_SummerProject\Library\ScriptAssemblies\Unity.2D.SpriteShape.Editor.dll
Symbol file LoadedFromMemory is not a mono symbol file
Symbol file data-0000020A134030A0 doesn't match image C:\Users\2016002\Desktop\UnityWork\GameDEV\GD-4GA3-Summer-Main\GD3_SummerProject\Library\ScriptAssemblies\Unity.2D.Common.Editor.dll
Symbol file LoadedFromMemory is not a mono symbol file
Symbol file data-0000020A1392F030 doesn't match image C:\Users\2016002\Desktop\UnityWork\GameDEV\GD-4GA3-Summer-Main\GD3_SummerProject\Library\ScriptAssemblies\Unity.2D.SpriteShape.Runtime.dll
Symbol file LoadedFromMemory is not a mono symbol file
Native extension for WindowsStandalone target not found
Refreshing native plugins compatible for Editor in 0.47 ms, found 3 plugins.
Preloading 0 native plugins for Editor in 0.00 ms.
Mono: successfully reloaded assembly
- Completed reload, in  1.057 seconds
Domain Reload Profiling:
	ReloadAssembly (1058ms)
		BeginReloadAssembly (132ms)
			ExecutionOrderSort (0ms)
			DisableScriptedObjects (5ms)
			BackupInstance (0ms)
			ReleaseScriptingObjects (0ms)
			CreateAndSetChildDomain (37ms)
		EndReloadAssembly (862ms)
			LoadAssemblies (125ms)
			RebuildTransferFunctionScriptingTraits (0ms)
			SetupTypeCache (291ms)
			ReleaseScriptCaches (1ms)
			RebuildScriptCaches (37ms)
			SetupLoadedEditorAssemblies (329ms)
				LogAssemblyErrors (0ms)
				InitializePlatformSupportModulesInManaged (3ms)
				SetLoadedEditorAssemblies (2ms)
				RefreshPlugins (1ms)
				BeforeProcessingInitializeOnLoad (80ms)
				ProcessInitializeOnLoadAttributes (225ms)
				ProcessInitializeOnLoadMethodAttributes (10ms)
				AfterProcessingInitializeOnLoad (7ms)
				EditorAssembliesLoaded (0ms)
			ExecutionOrderSort2 (0ms)
			AwakeInstancesAfterBackupRestoration (8ms)
Platform modules already initialized, skipping
Refreshing native plugins compatible for Editor in 0.54 ms, found 3 plugins.
Preloading 0 native plugins for Editor in 0.00 ms.
Unloading 2566 Unused Serialized files (Serialized files now loaded: 0)
System memory in use before: 116.3 MB.
System memory in use after: 116.3 MB.

Unloading 21 unused Assets to reduce memory usage. Loaded Objects now: 3068.
Total: 2.788100 ms (FindLiveObjects: 0.184000 ms CreateObjectMapping: 0.113800 ms MarkObjects: 2.379900 ms  DeleteObjects: 0.109500 ms)

AssetImportParameters requested are different than current active one (requested -> active):
  custom:framework-win-MediaFoundation: 216162199b28c13a410421893ffa2e32 -> 
  custom:video-decoder-ogg-theora: a1e56fd34408186e4bbccfd4996cb3dc -> 
  custom:container-muxer-webm: aa71ff27fc2769a1b78a27578f13a17b -> 
  custom:container-demuxer-webm: 4f35f7cbe854078d1ac9338744f61a02 -> 
  custom:container-demuxer-ogg: 62fdf1f143b41e24485cea50d1cbac27 -> 
  custom:video-encoder-webm-vp8: eb34c28f22e8b96e1ab97ce403110664 -> 
  custom:video-decoder-webm-vp8: 9c59270c3fd7afecdb556c50c9e8de78 -> 
  custom:audio-decoder-ogg-vorbis: bf7c407c2cedff20999df2af8eb42d56 -> 
  custom:audio-encoder-webm-vorbis: bf7c407c2cedff20999df2af8eb42d56 -> 
========================================================================
Received Prepare
Registering precompiled user dll's ...
Registered in 0.003407 seconds.
Begin MonoManager ReloadAssembly
Symbol file data-0000020A137DD010 doesn't match image C:\Users\2016002\Desktop\UnityWork\GameDEV\GD-4GA3-Summer-Main\GD3_SummerProject\Library\ScriptAssemblies\Unity.2D.Animation.Editor.dll
Symbol file LoadedFromMemory is not a mono symbol file
Symbol file data-0000020A13EBB2C0 doesn't match image C:\Users\2016002\Desktop\UnityWork\GameDEV\GD-4GA3-Summer-Main\GD3_SummerProject\Library\ScriptAssemblies\Unity.InternalAPIEngineBridge.001.dll
Symbol file LoadedFromMemory is not a mono symbol file
Symbol file data-0000020A171D34C0 doesn't match image C:\Users\2016002\Desktop\UnityWork\GameDEV\GD-4GA3-Summer-Main\GD3_SummerProject\Library\ScriptAssemblies\Unity.2D.PixelPerfect.dll
Symbol file LoadedFromMemory is not a mono symbol file
Symbol file data-0000020A16539020 doesn't match image C:\Users\2016002\Desktop\UnityWork\GameDEV\GD-4GA3-Summer-Main\GD3_SummerProject\Library\ScriptAssemblies\Unity.2D.Tilemap.Editor.dll
Symbol file LoadedFromMemory is not a mono symbol file
Symbol file data-0000020A0F74F010 doesn't match image C:\Users\2016002\Desktop\UnityWork\GameDEV\GD-4GA3-Summer-Main\GD3_SummerProject\Library\ScriptAssemblies\PsdPlugin.dll
Symbol file LoadedFromMemory is not a mono symbol file
Symbol file data-0000020A1331C010 doesn't match image C:\Users\2016002\Desktop\UnityWork\GameDEV\GD-4GA3-Summer-Main\GD3_SummerProject\Library\ScriptAssemblies\Unity.TextMeshPro.Editor.dll
Symbol file LoadedFromMemory is not a mono symbol file
Symbol file data-0000020A191D0C40 doesn't match image C:\Users\2016002\Desktop\UnityWork\GameDEV\GD-4GA3-Summer-Main\GD3_SummerProject\Library\ScriptAssemblies\Unity.VisualStudio.Editor.dll
Symbol file LoadedFromMemory is not a mono symbol file
Symbol file data-0000020A1392F030 doesn't match image C:\Users\2016002\Desktop\UnityWork\GameDEV\GD-4GA3-Summer-Main\GD3_SummerProject\Library\ScriptAssemblies\UnityEngine.TestRunner.dll
Symbol file LoadedFromMemory is not a mono symbol file
Symbol file data-0000020A16539020 doesn't match image C:\Users\2016002\Desktop\UnityWork\GameDEV\GD-4GA3-Summer-Main\GD3_SummerProject\Library\ScriptAssemblies\Unity.Timeline.dll
Symbol file LoadedFromMemory is not a mono symbol file
Symbol file data-0000020A17E7B680 doesn't match image C:\Users\2016002\Desktop\UnityWork\GameDEV\GD-4GA3-Summer-Main\GD3_SummerProject\Library\ScriptAssemblies\Unity.TextMeshPro.dll
Symbol file LoadedFromMemory is not a mono symbol file
Symbol file data-0000020A0F75D010 doesn't match image C:\Users\2016002\Desktop\UnityWork\GameDEV\GD-4GA3-Summer-Main\GD3_SummerProject\Library\ScriptAssemblies\UnityEditor.TestRunner.dll
Symbol file LoadedFromMemory is not a mono symbol file
Symbol file data-0000020A17451E50 doesn't match image C:\Users\2016002\Desktop\UnityWork\GameDEV\GD-4GA3-Summer-Main\GD3_SummerProject\Library\ScriptAssemblies\Unity.2D.IK.Editor.dll
Symbol file LoadedFromMemory is not a mono symbol file
Symbol file data-0000020A1331C010 doesn't match image C:\Users\2016002\Desktop\UnityWork\GameDEV\GD-4GA3-Summer-Main\GD3_SummerProject\Library\ScriptAssemblies\Unity.2D.Sprite.Editor.dll
Symbol file LoadedFromMemory is not a mono symbol file
Symbol file data-0000020A191D0C40 doesn't match image C:\Users\2016002\Desktop\UnityWork\GameDEV\GD-4GA3-Summer-Main\GD3_SummerProject\Library\ScriptAssemblies\Unity.2D.Psdimporter.Editor.dll
Symbol file LoadedFromMemory is not a mono symbol file
Symbol file data-0000020A13F36A00 doesn't match image C:\Users\2016002\Desktop\UnityWork\GameDEV\GD-4GA3-Summer-Main\GD3_SummerProject\Library\ScriptAssemblies\Unity.2D.Path.Editor.dll
Symbol file LoadedFromMemory is not a mono symbol file
Symbol file data-00000208201F4810 doesn't match image C:\Users\2016002\Desktop\UnityWork\GameDEV\GD-4GA3-Summer-Main\GD3_SummerProject\Library\ScriptAssemblies\Unity.InternalAPIEditorBridge.001.dll
Symbol file LoadedFromMemory is not a mono symbol file
Symbol file data-0000020A191D0C40 doesn't match image C:\Users\2016002\Desktop\UnityWork\GameDEV\GD-4GA3-Summer-Main\GD3_SummerProject\Library\ScriptAssemblies\UnityEditor.UI.dll
Symbol file LoadedFromMemory is not a mono symbol file
Symbol file data-0000020A17754010 doesn't match image C:\Users\2016002\Desktop\UnityWork\GameDEV\GD-4GA3-Summer-Main\GD3_SummerProject\Library\ScriptAssemblies\Unity.InputSystem.dll
Symbol file LoadedFromMemory is not a mono symbol file
Symbol file data-0000020A0F671D00 doesn't match image C:\Users\2016002\Desktop\UnityWork\GameDEV\GD-4GA3-Summer-Main\GD3_SummerProject\Library\ScriptAssemblies\Unity.Rider.Editor.dll
Symbol file LoadedFromMemory is not a mono symbol file
Symbol file data-0000020A169D11B0 doesn't match image C:\Users\2016002\Desktop\UnityWork\GameDEV\GD-4GA3-Summer-Main\GD3_SummerProject\Library\ScriptAssemblies\Unity.PlasticSCM.Editor.dll
Symbol file LoadedFromMemory is not a mono symbol file
Symbol file data-0000020A16BA6010 doesn't match image C:\Users\2016002\Desktop\UnityWork\GameDEV\GD-4GA3-Summer-Main\GD3_SummerProject\Library\ScriptAssemblies\UnityEngine.UI.dll
Symbol file LoadedFromMemory is not a mono symbol file
Symbol file data-0000020A13A0F010 doesn't match image C:\Users\2016002\Desktop\UnityWork\GameDEV\GD-4GA3-Summer-Main\GD3_SummerProject\Library\ScriptAssemblies\Unity.Mathematics.dll
Symbol file LoadedFromMemory is not a mono symbol file
Symbol file data-0000020A17130CC0 doesn't match image C:\Users\2016002\Desktop\UnityWork\GameDEV\GD-4GA3-Summer-Main\GD3_SummerProject\Library\ScriptAssemblies\Unity.2D.IK.Runtime.dll
Symbol file LoadedFromMemory is not a mono symbol file
Symbol file data-0000020A0F671D00 doesn't match image C:\Users\2016002\Desktop\UnityWork\GameDEV\GD-4GA3-Summer-Main\GD3_SummerProject\Library\ScriptAssemblies\Unity.Services.Core.Editor.dll
Symbol file LoadedFromMemory is not a mono symbol file
Symbol file data-0000020A13EA2050 doesn't match image C:\Users\2016002\Desktop\UnityWork\GameDEV\GD-4GA3-Summer-Main\GD3_SummerProject\Library\ScriptAssemblies\Unity.2D.Animation.Triangle.Runtime.dll
Symbol file LoadedFromMemory is not a mono symbol file
Symbol file data-0000020A18AFB0B0 doesn't match image C:\Users\2016002\Desktop\UnityWork\GameDEV\GD-4GA3-Summer-Main\GD3_SummerProject\Library\ScriptAssemblies\Unity.2D.Animation.Runtime.dll
Symbol file LoadedFromMemory is not a mono symbol file
Symbol file data-0000020A13499160 doesn't match image C:\Users\2016002\Desktop\UnityWork\GameDEV\GD-4GA3-Summer-Main\GD3_SummerProject\Library\ScriptAssemblies\Unity.2D.PixelPerfect.Editor.dll
Symbol file LoadedFromMemory is not a mono symbol file
Symbol file data-0000020A17457F90 doesn't match image C:\Users\2016002\Desktop\UnityWork\GameDEV\GD-4GA3-Summer-Main\GD3_SummerProject\Library\ScriptAssemblies\Unity.Timeline.Editor.dll
Symbol file LoadedFromMemory is not a mono symbol file
Symbol file data-0000020A1392F030 doesn't match image C:\Users\2016002\Desktop\UnityWork\GameDEV\GD-4GA3-Summer-Main\GD3_SummerProject\Library\ScriptAssemblies\Unity.CollabProxy.Editor.dll
Symbol file LoadedFromMemory is not a mono symbol file
Symbol file data-0000020A3E16AC70 doesn't match image C:\Users\2016002\Desktop\UnityWork\GameDEV\GD-4GA3-Summer-Main\GD3_SummerProject\Library\ScriptAssemblies\Unity.Mathematics.Editor.dll
Symbol file LoadedFromMemory is not a mono symbol file
Symbol file data-0000020A1455A040 doesn't match image C:\Users\2016002\Desktop\UnityWork\GameDEV\GD-4GA3-Summer-Main\GD3_SummerProject\Library\ScriptAssemblies\Unity.2D.Common.Runtime.dll
Symbol file LoadedFromMemory is not a mono symbol file
Symbol file data-0000020A191D0C40 doesn't match image C:\Users\2016002\Desktop\UnityWork\GameDEV\GD-4GA3-Summer-Main\GD3_SummerProject\Library\ScriptAssemblies\Unity.2D.SpriteShape.Editor.dll
Symbol file LoadedFromMemory is not a mono symbol file
Symbol file data-0000020A134030A0 doesn't match image C:\Users\2016002\Desktop\UnityWork\GameDEV\GD-4GA3-Summer-Main\GD3_SummerProject\Library\ScriptAssemblies\Unity.2D.Common.Editor.dll
Symbol file LoadedFromMemory is not a mono symbol file
Symbol file data-0000020A164A6630 doesn't match image C:\Users\2016002\Desktop\UnityWork\GameDEV\GD-4GA3-Summer-Main\GD3_SummerProject\Library\ScriptAssemblies\Unity.2D.SpriteShape.Runtime.dll
Symbol file LoadedFromMemory is not a mono symbol file
Native extension for WindowsStandalone target not found
Refreshing native plugins compatible for Editor in 0.47 ms, found 3 plugins.
Preloading 0 native plugins for Editor in 0.00 ms.
Mono: successfully reloaded assembly
- Completed reload, in  0.970 seconds
Domain Reload Profiling:
	ReloadAssembly (970ms)
		BeginReloadAssembly (107ms)
			ExecutionOrderSort (0ms)
			DisableScriptedObjects (5ms)
			BackupInstance (0ms)
			ReleaseScriptingObjects (0ms)
			CreateAndSetChildDomain (34ms)
		EndReloadAssembly (803ms)
			LoadAssemblies (89ms)
			RebuildTransferFunctionScriptingTraits (0ms)
			SetupTypeCache (256ms)
			ReleaseScriptCaches (1ms)
			RebuildScriptCaches (39ms)
			SetupLoadedEditorAssemblies (327ms)
				LogAssemblyErrors (0ms)
				InitializePlatformSupportModulesInManaged (3ms)
				SetLoadedEditorAssemblies (1ms)
				RefreshPlugins (1ms)
				BeforeProcessingInitializeOnLoad (75ms)
				ProcessInitializeOnLoadAttributes (232ms)
				ProcessInitializeOnLoadMethodAttributes (10ms)
				AfterProcessingInitializeOnLoad (6ms)
				EditorAssembliesLoaded (0ms)
			ExecutionOrderSort2 (0ms)
			AwakeInstancesAfterBackupRestoration (8ms)
Platform modules already initialized, skipping
Refreshing native plugins compatible for Editor in 0.48 ms, found 3 plugins.
Preloading 0 native plugins for Editor in 0.00 ms.
Unloading 2566 Unused Serialized files (Serialized files now loaded: 0)
System memory in use before: 116.3 MB.
System memory in use after: 116.3 MB.

Unloading 21 unused Assets to reduce memory usage. Loaded Objects now: 3070.
Total: 2.819100 ms (FindLiveObjects: 0.185900 ms CreateObjectMapping: 0.099800 ms MarkObjects: 2.435600 ms  DeleteObjects: 0.097100 ms)

AssetImportParameters requested are different than current active one (requested -> active):
  custom:framework-win-MediaFoundation: 216162199b28c13a410421893ffa2e32 -> 
  custom:video-decoder-ogg-theora: a1e56fd34408186e4bbccfd4996cb3dc -> 
  custom:container-muxer-webm: aa71ff27fc2769a1b78a27578f13a17b -> 
  custom:container-demuxer-webm: 4f35f7cbe854078d1ac9338744f61a02 -> 
  custom:container-demuxer-ogg: 62fdf1f143b41e24485cea50d1cbac27 -> 
  custom:video-encoder-webm-vp8: eb34c28f22e8b96e1ab97ce403110664 -> 
  custom:video-decoder-webm-vp8: 9c59270c3fd7afecdb556c50c9e8de78 -> 
  custom:audio-decoder-ogg-vorbis: bf7c407c2cedff20999df2af8eb42d56 -> 
  custom:audio-encoder-webm-vorbis: bf7c407c2cedff20999df2af8eb42d56 -> 
========================================================================
Received Prepare
Registering precompiled user dll's ...
Registered in 0.003421 seconds.
Begin MonoManager ReloadAssembly
Symbol file data-0000020A17796020 doesn't match image C:\Users\2016002\Desktop\UnityWork\GameDEV\GD-4GA3-Summer-Main\GD3_SummerProject\Library\ScriptAssemblies\Unity.2D.Animation.Editor.dll
Symbol file LoadedFromMemory is not a mono symbol file
Symbol file data-0000020A3EA9D080 doesn't match image C:\Users\2016002\Desktop\UnityWork\GameDEV\GD-4GA3-Summer-Main\GD3_SummerProject\Library\ScriptAssemblies\Unity.InternalAPIEngineBridge.001.dll
Symbol file LoadedFromMemory is not a mono symbol file
Symbol file data-0000020A171D34C0 doesn't match image C:\Users\2016002\Desktop\UnityWork\GameDEV\GD-4GA3-Summer-Main\GD3_SummerProject\Library\ScriptAssemblies\Unity.2D.PixelPerfect.dll
Symbol file LoadedFromMemory is not a mono symbol file
Symbol file data-0000020A13E54030 doesn't match image C:\Users\2016002\Desktop\UnityWork\GameDEV\GD-4GA3-Summer-Main\GD3_SummerProject\Library\ScriptAssemblies\Unity.2D.Tilemap.Editor.dll
Symbol file LoadedFromMemory is not a mono symbol file
Symbol file data-0000020A1459D020 doesn't match image C:\Users\2016002\Desktop\UnityWork\GameDEV\GD-4GA3-Summer-Main\GD3_SummerProject\Library\ScriptAssemblies\PsdPlugin.dll
Symbol file LoadedFromMemory is not a mono symbol file
Symbol file data-0000020A3E54C310 doesn't match image C:\Users\2016002\Desktop\UnityWork\GameDEV\GD-4GA3-Summer-Main\GD3_SummerProject\Library\ScriptAssemblies\Unity.TextMeshPro.Editor.dll
Symbol file LoadedFromMemory is not a mono symbol file
Symbol file data-0000020A139BB010 doesn't match image C:\Users\2016002\Desktop\UnityWork\GameDEV\GD-4GA3-Summer-Main\GD3_SummerProject\Library\ScriptAssemblies\Unity.VisualStudio.Editor.dll
Symbol file LoadedFromMemory is not a mono symbol file
Symbol file data-0000020A134A0020 doesn't match image C:\Users\2016002\Desktop\UnityWork\GameDEV\GD-4GA3-Summer-Main\GD3_SummerProject\Library\ScriptAssemblies\UnityEngine.TestRunner.dll
Symbol file LoadedFromMemory is not a mono symbol file
Symbol file data-0000020A13E54030 doesn't match image C:\Users\2016002\Desktop\UnityWork\GameDEV\GD-4GA3-Summer-Main\GD3_SummerProject\Library\ScriptAssemblies\Unity.Timeline.dll
Symbol file LoadedFromMemory is not a mono symbol file
Symbol file data-0000020A13E91F20 doesn't match image C:\Users\2016002\Desktop\UnityWork\GameDEV\GD-4GA3-Summer-Main\GD3_SummerProject\Library\ScriptAssemblies\Unity.TextMeshPro.dll
Symbol file LoadedFromMemory is not a mono symbol file
Symbol file data-0000020A0F75D010 doesn't match image C:\Users\2016002\Desktop\UnityWork\GameDEV\GD-4GA3-Summer-Main\GD3_SummerProject\Library\ScriptAssemblies\UnityEditor.TestRunner.dll
Symbol file LoadedFromMemory is not a mono symbol file
Symbol file data-0000020A0F678490 doesn't match image C:\Users\2016002\Desktop\UnityWork\GameDEV\GD-4GA3-Summer-Main\GD3_SummerProject\Library\ScriptAssemblies\Unity.2D.IK.Editor.dll
Symbol file LoadedFromMemory is not a mono symbol file
Symbol file data-0000020A3E54C310 doesn't match image C:\Users\2016002\Desktop\UnityWork\GameDEV\GD-4GA3-Summer-Main\GD3_SummerProject\Library\ScriptAssemblies\Unity.2D.Sprite.Editor.dll
Symbol file LoadedFromMemory is not a mono symbol file
Symbol file data-0000020A14DB7010 doesn't match image C:\Users\2016002\Desktop\UnityWork\GameDEV\GD-4GA3-Summer-Main\GD3_SummerProject\Library\ScriptAssemblies\Unity.2D.Psdimporter.Editor.dll
Symbol file LoadedFromMemory is not a mono symbol file
Symbol file data-0000020A13F36A00 doesn't match image C:\Users\2016002\Desktop\UnityWork\GameDEV\GD-4GA3-Summer-Main\GD3_SummerProject\Library\ScriptAssemblies\Unity.2D.Path.Editor.dll
Symbol file LoadedFromMemory is not a mono symbol file
Symbol file data-0000020A135CE240 doesn't match image C:\Users\2016002\Desktop\UnityWork\GameDEV\GD-4GA3-Summer-Main\GD3_SummerProject\Library\ScriptAssemblies\Unity.InternalAPIEditorBridge.001.dll
Symbol file LoadedFromMemory is not a mono symbol file
Symbol file data-0000020A14DB7010 doesn't match image C:\Users\2016002\Desktop\UnityWork\GameDEV\GD-4GA3-Summer-Main\GD3_SummerProject\Library\ScriptAssemblies\UnityEditor.UI.dll
Symbol file LoadedFromMemory is not a mono symbol file
Symbol file data-0000020A13662020 doesn't match image C:\Users\2016002\Desktop\UnityWork\GameDEV\GD-4GA3-Summer-Main\GD3_SummerProject\Library\ScriptAssemblies\Unity.InputSystem.dll
Symbol file LoadedFromMemory is not a mono symbol file
Symbol file data-0000020A16456020 doesn't match image C:\Users\2016002\Desktop\UnityWork\GameDEV\GD-4GA3-Summer-Main\GD3_SummerProject\Library\ScriptAssemblies\Unity.Rider.Editor.dll
Symbol file LoadedFromMemory is not a mono symbol file
Symbol file data-0000020A0EEEFC80 doesn't match image C:\Users\2016002\Desktop\UnityWork\GameDEV\GD-4GA3-Summer-Main\GD3_SummerProject\Library\ScriptAssemblies\Unity.PlasticSCM.Editor.dll
Symbol file LoadedFromMemory is not a mono symbol file
Symbol file data-0000020A17469010 doesn't match image C:\Users\2016002\Desktop\UnityWork\GameDEV\GD-4GA3-Summer-Main\GD3_SummerProject\Library\ScriptAssemblies\UnityEngine.UI.dll
Symbol file LoadedFromMemory is not a mono symbol file
Symbol file data-0000020A13A0F010 doesn't match image C:\Users\2016002\Desktop\UnityWork\GameDEV\GD-4GA3-Summer-Main\GD3_SummerProject\Library\ScriptAssemblies\Unity.Mathematics.dll
Symbol file LoadedFromMemory is not a mono symbol file
Symbol file data-0000020A17128480 doesn't match image C:\Users\2016002\Desktop\UnityWork\GameDEV\GD-4GA3-Summer-Main\GD3_SummerProject\Library\ScriptAssemblies\Unity.2D.IK.Runtime.dll
Symbol file LoadedFromMemory is not a mono symbol file
Symbol file data-0000020A16456020 doesn't match image C:\Users\2016002\Desktop\UnityWork\GameDEV\GD-4GA3-Summer-Main\GD3_SummerProject\Library\ScriptAssemblies\Unity.Services.Core.Editor.dll
Symbol file LoadedFromMemory is not a mono symbol file
Symbol file data-0000020A16995030 doesn't match image C:\Users\2016002\Desktop\UnityWork\GameDEV\GD-4GA3-Summer-Main\GD3_SummerProject\Library\ScriptAssemblies\Unity.2D.Animation.Triangle.Runtime.dll
Symbol file LoadedFromMemory is not a mono symbol file
Symbol file data-0000020A0EF63010 doesn't match image C:\Users\2016002\Desktop\UnityWork\GameDEV\GD-4GA3-Summer-Main\GD3_SummerProject\Library\ScriptAssemblies\Unity.2D.Animation.Runtime.dll
Symbol file LoadedFromMemory is not a mono symbol file
Symbol file data-0000020A3EB26AB0 doesn't match image C:\Users\2016002\Desktop\UnityWork\GameDEV\GD-4GA3-Summer-Main\GD3_SummerProject\Library\ScriptAssemblies\Unity.2D.PixelPerfect.Editor.dll
Symbol file LoadedFromMemory is not a mono symbol file
Symbol file data-0000020A16402040 doesn't match image C:\Users\2016002\Desktop\UnityWork\GameDEV\GD-4GA3-Summer-Main\GD3_SummerProject\Library\ScriptAssemblies\Unity.Timeline.Editor.dll
Symbol file LoadedFromMemory is not a mono symbol file
Symbol file data-0000020A134A0020 doesn't match image C:\Users\2016002\Desktop\UnityWork\GameDEV\GD-4GA3-Summer-Main\GD3_SummerProject\Library\ScriptAssemblies\Unity.CollabProxy.Editor.dll
Symbol file LoadedFromMemory is not a mono symbol file
Symbol file data-0000020A3E172F80 doesn't match image C:\Users\2016002\Desktop\UnityWork\GameDEV\GD-4GA3-Summer-Main\GD3_SummerProject\Library\ScriptAssemblies\Unity.Mathematics.Editor.dll
Symbol file LoadedFromMemory is not a mono symbol file
Symbol file data-0000020A1455A040 doesn't match image C:\Users\2016002\Desktop\UnityWork\GameDEV\GD-4GA3-Summer-Main\GD3_SummerProject\Library\ScriptAssemblies\Unity.2D.Common.Runtime.dll
Symbol file LoadedFromMemory is not a mono symbol file
Symbol file data-0000020A14DB7010 doesn't match image C:\Users\2016002\Desktop\UnityWork\GameDEV\GD-4GA3-Summer-Main\GD3_SummerProject\Library\ScriptAssemblies\Unity.2D.SpriteShape.Editor.dll
Symbol file LoadedFromMemory is not a mono symbol file
Symbol file data-0000020A13801C20 doesn't match image C:\Users\2016002\Desktop\UnityWork\GameDEV\GD-4GA3-Summer-Main\GD3_SummerProject\Library\ScriptAssemblies\Unity.2D.Common.Editor.dll
Symbol file LoadedFromMemory is not a mono symbol file
Symbol file data-0000020A13E54030 doesn't match image C:\Users\2016002\Desktop\UnityWork\GameDEV\GD-4GA3-Summer-Main\GD3_SummerProject\Library\ScriptAssemblies\Unity.2D.SpriteShape.Runtime.dll
Symbol file LoadedFromMemory is not a mono symbol file
Native extension for WindowsStandalone target not found
Refreshing native plugins compatible for Editor in 0.56 ms, found 3 plugins.
Preloading 0 native plugins for Editor in 0.00 ms.
Mono: successfully reloaded assembly
- Completed reload, in  0.961 seconds
Domain Reload Profiling:
	ReloadAssembly (961ms)
		BeginReloadAssembly (107ms)
			ExecutionOrderSort (0ms)
			DisableScriptedObjects (5ms)
			BackupInstance (0ms)
			ReleaseScriptingObjects (0ms)
			CreateAndSetChildDomain (29ms)
		EndReloadAssembly (798ms)
			LoadAssemblies (93ms)
			RebuildTransferFunctionScriptingTraits (0ms)
			SetupTypeCache (274ms)
			ReleaseScriptCaches (1ms)
			RebuildScriptCaches (35ms)
			SetupLoadedEditorAssemblies (309ms)
				LogAssemblyErrors (0ms)
				InitializePlatformSupportModulesInManaged (3ms)
				SetLoadedEditorAssemblies (0ms)
				RefreshPlugins (1ms)
				BeforeProcessingInitializeOnLoad (76ms)
				ProcessInitializeOnLoadAttributes (211ms)
				ProcessInitializeOnLoadMethodAttributes (11ms)
				AfterProcessingInitializeOnLoad (7ms)
				EditorAssembliesLoaded (0ms)
			ExecutionOrderSort2 (0ms)
			AwakeInstancesAfterBackupRestoration (8ms)
Platform modules already initialized, skipping
Refreshing native plugins compatible for Editor in 0.53 ms, found 3 plugins.
Preloading 0 native plugins for Editor in 0.00 ms.
Unloading 2566 Unused Serialized files (Serialized files now loaded: 0)
System memory in use before: 116.3 MB.
System memory in use after: 116.4 MB.

Unloading 21 unused Assets to reduce memory usage. Loaded Objects now: 3072.
Total: 2.995900 ms (FindLiveObjects: 0.180000 ms CreateObjectMapping: 0.161900 ms MarkObjects: 2.513100 ms  DeleteObjects: 0.140300 ms)

AssetImportParameters requested are different than current active one (requested -> active):
  custom:framework-win-MediaFoundation: 216162199b28c13a410421893ffa2e32 -> 
  custom:video-decoder-ogg-theora: a1e56fd34408186e4bbccfd4996cb3dc -> 
  custom:container-muxer-webm: aa71ff27fc2769a1b78a27578f13a17b -> 
  custom:container-demuxer-webm: 4f35f7cbe854078d1ac9338744f61a02 -> 
  custom:container-demuxer-ogg: 62fdf1f143b41e24485cea50d1cbac27 -> 
  custom:video-encoder-webm-vp8: eb34c28f22e8b96e1ab97ce403110664 -> 
  custom:video-decoder-webm-vp8: 9c59270c3fd7afecdb556c50c9e8de78 -> 
  custom:audio-decoder-ogg-vorbis: bf7c407c2cedff20999df2af8eb42d56 -> 
  custom:audio-encoder-webm-vorbis: bf7c407c2cedff20999df2af8eb42d56 -> 
========================================================================
Received Prepare
Registering precompiled user dll's ...
Registered in 0.002807 seconds.
Begin MonoManager ReloadAssembly
Symbol file data-0000020A16DC1020 doesn't match image C:\Users\2016002\Desktop\UnityWork\GameDEV\GD-4GA3-Summer-Main\GD3_SummerProject\Library\ScriptAssemblies\Unity.2D.Animation.Editor.dll
Symbol file LoadedFromMemory is not a mono symbol file
Symbol file data-0000020A3F9C5090 doesn't match image C:\Users\2016002\Desktop\UnityWork\GameDEV\GD-4GA3-Summer-Main\GD3_SummerProject\Library\ScriptAssemblies\Unity.InternalAPIEngineBridge.001.dll
Symbol file LoadedFromMemory is not a mono symbol file
Symbol file data-0000020A171D0D90 doesn't match image C:\Users\2016002\Desktop\UnityWork\GameDEV\GD-4GA3-Summer-Main\GD3_SummerProject\Library\ScriptAssemblies\Unity.2D.PixelPerfect.dll
Symbol file LoadedFromMemory is not a mono symbol file
Symbol file data-0000020A1754E020 doesn't match image C:\Users\2016002\Desktop\UnityWork\GameDEV\GD-4GA3-Summer-Main\GD3_SummerProject\Library\ScriptAssemblies\Unity.2D.Tilemap.Editor.dll
Symbol file LoadedFromMemory is not a mono symbol file
Symbol file data-0000020A1459D020 doesn't match image C:\Users\2016002\Desktop\UnityWork\GameDEV\GD-4GA3-Summer-Main\GD3_SummerProject\Library\ScriptAssemblies\PsdPlugin.dll
Symbol file LoadedFromMemory is not a mono symbol file
Symbol file data-0000020A0F201010 doesn't match image C:\Users\2016002\Desktop\UnityWork\GameDEV\GD-4GA3-Summer-Main\GD3_SummerProject\Library\ScriptAssemblies\Unity.TextMeshPro.Editor.dll
Symbol file LoadedFromMemory is not a mono symbol file
Symbol file data-0000020A139BB010 doesn't match image C:\Users\2016002\Desktop\UnityWork\GameDEV\GD-4GA3-Summer-Main\GD3_SummerProject\Library\ScriptAssemblies\Unity.VisualStudio.Editor.dll
Symbol file LoadedFromMemory is not a mono symbol file
Symbol file data-0000020A3F73D140 doesn't match image C:\Users\2016002\Desktop\UnityWork\GameDEV\GD-4GA3-Summer-Main\GD3_SummerProject\Library\ScriptAssemblies\UnityEngine.TestRunner.dll
Symbol file LoadedFromMemory is not a mono symbol file
Symbol file data-0000020A1754E020 doesn't match image C:\Users\2016002\Desktop\UnityWork\GameDEV\GD-4GA3-Summer-Main\GD3_SummerProject\Library\ScriptAssemblies\Unity.Timeline.dll
Symbol file LoadedFromMemory is not a mono symbol file
Symbol file data-0000020A13E91F20 doesn't match image C:\Users\2016002\Desktop\UnityWork\GameDEV\GD-4GA3-Summer-Main\GD3_SummerProject\Library\ScriptAssemblies\Unity.TextMeshPro.dll
Symbol file LoadedFromMemory is not a mono symbol file
Symbol file data-0000020A0F75D010 doesn't match image C:\Users\2016002\Desktop\UnityWork\GameDEV\GD-4GA3-Summer-Main\GD3_SummerProject\Library\ScriptAssemblies\UnityEditor.TestRunner.dll
Symbol file LoadedFromMemory is not a mono symbol file
Symbol file data-0000020A134030A0 doesn't match image C:\Users\2016002\Desktop\UnityWork\GameDEV\GD-4GA3-Summer-Main\GD3_SummerProject\Library\ScriptAssemblies\Unity.2D.IK.Editor.dll
Symbol file LoadedFromMemory is not a mono symbol file
Symbol file data-0000020A0F201010 doesn't match image C:\Users\2016002\Desktop\UnityWork\GameDEV\GD-4GA3-Summer-Main\GD3_SummerProject\Library\ScriptAssemblies\Unity.2D.Sprite.Editor.dll
Symbol file LoadedFromMemory is not a mono symbol file
Symbol file data-0000020A0F384020 doesn't match image C:\Users\2016002\Desktop\UnityWork\GameDEV\GD-4GA3-Summer-Main\GD3_SummerProject\Library\ScriptAssemblies\Unity.2D.Psdimporter.Editor.dll
Symbol file LoadedFromMemory is not a mono symbol file
Symbol file data-0000020A14B1F010 doesn't match image C:\Users\2016002\Desktop\UnityWork\GameDEV\GD-4GA3-Summer-Main\GD3_SummerProject\Library\ScriptAssemblies\Unity.2D.Path.Editor.dll
Symbol file LoadedFromMemory is not a mono symbol file
Symbol file data-0000020A40009D50 doesn't match image C:\Users\2016002\Desktop\UnityWork\GameDEV\GD-4GA3-Summer-Main\GD3_SummerProject\Library\ScriptAssemblies\Unity.InternalAPIEditorBridge.001.dll
Symbol file LoadedFromMemory is not a mono symbol file
Symbol file data-0000020A0F384020 doesn't match image C:\Users\2016002\Desktop\UnityWork\GameDEV\GD-4GA3-Summer-Main\GD3_SummerProject\Library\ScriptAssemblies\UnityEditor.UI.dll
Symbol file LoadedFromMemory is not a mono symbol file
Symbol file data-0000020A400F2060 doesn't match image C:\Users\2016002\Desktop\UnityWork\GameDEV\GD-4GA3-Summer-Main\GD3_SummerProject\Library\ScriptAssemblies\Unity.InputSystem.dll
Symbol file LoadedFromMemory is not a mono symbol file
Symbol file data-0000020A0F671D00 doesn't match image C:\Users\2016002\Desktop\UnityWork\GameDEV\GD-4GA3-Summer-Main\GD3_SummerProject\Library\ScriptAssemblies\Unity.Rider.Editor.dll
Symbol file LoadedFromMemory is not a mono symbol file
Symbol file data-0000020A1647E020 doesn't match image C:\Users\2016002\Desktop\UnityWork\GameDEV\GD-4GA3-Summer-Main\GD3_SummerProject\Library\ScriptAssemblies\Unity.PlasticSCM.Editor.dll
Symbol file LoadedFromMemory is not a mono symbol file
Symbol file data-0000020A12FC2020 doesn't match image C:\Users\2016002\Desktop\UnityWork\GameDEV\GD-4GA3-Summer-Main\GD3_SummerProject\Library\ScriptAssemblies\UnityEngine.UI.dll
Symbol file LoadedFromMemory is not a mono symbol file
Symbol file data-0000020A13A0F010 doesn't match image C:\Users\2016002\Desktop\UnityWork\GameDEV\GD-4GA3-Summer-Main\GD3_SummerProject\Library\ScriptAssemblies\Unity.Mathematics.dll
Symbol file LoadedFromMemory is not a mono symbol file
Symbol file data-0000020A17130CC0 doesn't match image C:\Users\2016002\Desktop\UnityWork\GameDEV\GD-4GA3-Summer-Main\GD3_SummerProject\Library\ScriptAssemblies\Unity.2D.IK.Runtime.dll
Symbol file LoadedFromMemory is not a mono symbol file
Symbol file data-0000020A0F671D00 doesn't match image C:\Users\2016002\Desktop\UnityWork\GameDEV\GD-4GA3-Summer-Main\GD3_SummerProject\Library\ScriptAssemblies\Unity.Services.Core.Editor.dll
Symbol file LoadedFromMemory is not a mono symbol file
Symbol file data-0000020A16995030 doesn't match image C:\Users\2016002\Desktop\UnityWork\GameDEV\GD-4GA3-Summer-Main\GD3_SummerProject\Library\ScriptAssemblies\Unity.2D.Animation.Triangle.Runtime.dll
Symbol file LoadedFromMemory is not a mono symbol file
Symbol file data-0000020A0F3F9810 doesn't match image C:\Users\2016002\Desktop\UnityWork\GameDEV\GD-4GA3-Summer-Main\GD3_SummerProject\Library\ScriptAssemblies\Unity.2D.Animation.Runtime.dll
Symbol file LoadedFromMemory is not a mono symbol file
Symbol file data-0000020A133308F0 doesn't match image C:\Users\2016002\Desktop\UnityWork\GameDEV\GD-4GA3-Summer-Main\GD3_SummerProject\Library\ScriptAssemblies\Unity.2D.PixelPerfect.Editor.dll
Symbol file LoadedFromMemory is not a mono symbol file
Symbol file data-0000020A1678D030 doesn't match image C:\Users\2016002\Desktop\UnityWork\GameDEV\GD-4GA3-Summer-Main\GD3_SummerProject\Library\ScriptAssemblies\Unity.Timeline.Editor.dll
Symbol file LoadedFromMemory is not a mono symbol file
Symbol file data-0000020A13293060 doesn't match image C:\Users\2016002\Desktop\UnityWork\GameDEV\GD-4GA3-Summer-Main\GD3_SummerProject\Library\ScriptAssemblies\Unity.CollabProxy.Editor.dll
Symbol file LoadedFromMemory is not a mono symbol file
Symbol file data-0000020A0EEB5510 doesn't match image C:\Users\2016002\Desktop\UnityWork\GameDEV\GD-4GA3-Summer-Main\GD3_SummerProject\Library\ScriptAssemblies\Unity.Mathematics.Editor.dll
Symbol file LoadedFromMemory is not a mono symbol file
Symbol file data-0000020A14559A70 doesn't match image C:\Users\2016002\Desktop\UnityWork\GameDEV\GD-4GA3-Summer-Main\GD3_SummerProject\Library\ScriptAssemblies\Unity.2D.Common.Runtime.dll
Symbol file LoadedFromMemory is not a mono symbol file
Symbol file data-0000020A16DE9630 doesn't match image C:\Users\2016002\Desktop\UnityWork\GameDEV\GD-4GA3-Summer-Main\GD3_SummerProject\Library\ScriptAssemblies\Unity.2D.SpriteShape.Editor.dll
Symbol file LoadedFromMemory is not a mono symbol file
Symbol file data-0000020A134030A0 doesn't match image C:\Users\2016002\Desktop\UnityWork\GameDEV\GD-4GA3-Summer-Main\GD3_SummerProject\Library\ScriptAssemblies\Unity.2D.Common.Editor.dll
Symbol file LoadedFromMemory is not a mono symbol file
Symbol file data-0000020A1754E020 doesn't match image C:\Users\2016002\Desktop\UnityWork\GameDEV\GD-4GA3-Summer-Main\GD3_SummerProject\Library\ScriptAssemblies\Unity.2D.SpriteShape.Runtime.dll
Symbol file LoadedFromMemory is not a mono symbol file
Native extension for WindowsStandalone target not found
Refreshing native plugins compatible for Editor in 0.73 ms, found 3 plugins.
Preloading 0 native plugins for Editor in 0.00 ms.
Mono: successfully reloaded assembly
- Completed reload, in  0.946 seconds
Domain Reload Profiling:
	ReloadAssembly (946ms)
		BeginReloadAssembly (106ms)
			ExecutionOrderSort (0ms)
			DisableScriptedObjects (5ms)
			BackupInstance (0ms)
			ReleaseScriptingObjects (0ms)
			CreateAndSetChildDomain (29ms)
		EndReloadAssembly (779ms)
			LoadAssemblies (88ms)
			RebuildTransferFunctionScriptingTraits (0ms)
			SetupTypeCache (258ms)
			ReleaseScriptCaches (1ms)
			RebuildScriptCaches (36ms)
			SetupLoadedEditorAssemblies (313ms)
				LogAssemblyErrors (0ms)
				InitializePlatformSupportModulesInManaged (3ms)
				SetLoadedEditorAssemblies (1ms)
				RefreshPlugins (1ms)
				BeforeProcessingInitializeOnLoad (81ms)
				ProcessInitializeOnLoadAttributes (211ms)
				ProcessInitializeOnLoadMethodAttributes (10ms)
				AfterProcessingInitializeOnLoad (6ms)
				EditorAssembliesLoaded (0ms)
			ExecutionOrderSort2 (0ms)
			AwakeInstancesAfterBackupRestoration (8ms)
Platform modules already initialized, skipping
Refreshing native plugins compatible for Editor in 0.50 ms, found 3 plugins.
Preloading 0 native plugins for Editor in 0.00 ms.
Unloading 2566 Unused Serialized files (Serialized files now loaded: 0)
System memory in use before: 116.2 MB.
System memory in use after: 116.3 MB.

Unloading 21 unused Assets to reduce memory usage. Loaded Objects now: 3074.
Total: 3.044500 ms (FindLiveObjects: 0.189800 ms CreateObjectMapping: 0.113400 ms MarkObjects: 2.559500 ms  DeleteObjects: 0.181200 ms)

AssetImportParameters requested are different than current active one (requested -> active):
  custom:framework-win-MediaFoundation: 216162199b28c13a410421893ffa2e32 -> 
  custom:video-decoder-ogg-theora: a1e56fd34408186e4bbccfd4996cb3dc -> 
  custom:container-muxer-webm: aa71ff27fc2769a1b78a27578f13a17b -> 
  custom:container-demuxer-webm: 4f35f7cbe854078d1ac9338744f61a02 -> 
  custom:container-demuxer-ogg: 62fdf1f143b41e24485cea50d1cbac27 -> 
  custom:video-encoder-webm-vp8: eb34c28f22e8b96e1ab97ce403110664 -> 
  custom:video-decoder-webm-vp8: 9c59270c3fd7afecdb556c50c9e8de78 -> 
  custom:audio-decoder-ogg-vorbis: bf7c407c2cedff20999df2af8eb42d56 -> 
  custom:audio-encoder-webm-vorbis: bf7c407c2cedff20999df2af8eb42d56 -> 
========================================================================
Received Import Request.
  Time since last request: 4245.659003 seconds.
  path: Assets/Scenes/BetaTest.unity
  artifactKey: Guid(c57e5644a8105f045953622a032f355e) Importer(815301076,1909f56bfc062723c751e8b465ee728b)
Start importing Assets/Scenes/BetaTest.unity using Guid(c57e5644a8105f045953622a032f355e) Importer(815301076,1909f56bfc062723c751e8b465ee728b)  -> (artifact id: '24e9f22ea29daee7d12b94f12344d101') in 0.039540 seconds 
========================================================================
Received Prepare
Registering precompiled user dll's ...
Registered in 0.003174 seconds.
Begin MonoManager ReloadAssembly
Symbol file data-0000020A1919C020 doesn't match image C:\Users\2016002\Desktop\UnityWork\GameDEV\GD-4GA3-Summer-Main\GD3_SummerProject\Library\ScriptAssemblies\Unity.2D.Animation.Editor.dll
Symbol file LoadedFromMemory is not a mono symbol file
Symbol file data-0000020A1845E320 doesn't match image C:\Users\2016002\Desktop\UnityWork\GameDEV\GD-4GA3-Summer-Main\GD3_SummerProject\Library\ScriptAssemblies\Unity.InternalAPIEngineBridge.001.dll
Symbol file LoadedFromMemory is not a mono symbol file
Symbol file data-0000020A4026C060 doesn't match image C:\Users\2016002\Desktop\UnityWork\GameDEV\GD-4GA3-Summer-Main\GD3_SummerProject\Library\ScriptAssemblies\Unity.2D.PixelPerfect.dll
Symbol file LoadedFromMemory is not a mono symbol file
Symbol file data-0000020A3F6050A0 doesn't match image C:\Users\2016002\Desktop\UnityWork\GameDEV\GD-4GA3-Summer-Main\GD3_SummerProject\Library\ScriptAssemblies\Unity.2D.Tilemap.Editor.dll
Symbol file LoadedFromMemory is not a mono symbol file
Symbol file data-0000020A0F671D00 doesn't match image C:\Users\2016002\Desktop\UnityWork\GameDEV\GD-4GA3-Summer-Main\GD3_SummerProject\Library\ScriptAssemblies\PsdPlugin.dll
Symbol file LoadedFromMemory is not a mono symbol file
Symbol file data-0000020A1331C010 doesn't match image C:\Users\2016002\Desktop\UnityWork\GameDEV\GD-4GA3-Summer-Main\GD3_SummerProject\Library\ScriptAssemblies\Unity.TextMeshPro.Editor.dll
Symbol file LoadedFromMemory is not a mono symbol file
Symbol file data-0000020A16FE3030 doesn't match image C:\Users\2016002\Desktop\UnityWork\GameDEV\GD-4GA3-Summer-Main\GD3_SummerProject\Library\ScriptAssemblies\Unity.VisualStudio.Editor.dll
Symbol file LoadedFromMemory is not a mono symbol file
Symbol file data-0000020A18949390 doesn't match image C:\Users\2016002\Desktop\UnityWork\GameDEV\GD-4GA3-Summer-Main\GD3_SummerProject\Library\ScriptAssemblies\UnityEngine.TestRunner.dll
Symbol file LoadedFromMemory is not a mono symbol file
Symbol file data-0000020A14127010 doesn't match image C:\Users\2016002\Desktop\UnityWork\GameDEV\GD-4GA3-Summer-Main\GD3_SummerProject\Library\ScriptAssemblies\Unity.Timeline.dll
Symbol file LoadedFromMemory is not a mono symbol file
Symbol file data-0000020A13E91F20 doesn't match image C:\Users\2016002\Desktop\UnityWork\GameDEV\GD-4GA3-Summer-Main\GD3_SummerProject\Library\ScriptAssemblies\Unity.TextMeshPro.dll
Symbol file LoadedFromMemory is not a mono symbol file
Symbol file data-0000020A0F75D010 doesn't match image C:\Users\2016002\Desktop\UnityWork\GameDEV\GD-4GA3-Summer-Main\GD3_SummerProject\Library\ScriptAssemblies\UnityEditor.TestRunner.dll
Symbol file LoadedFromMemory is not a mono symbol file
Symbol file data-0000020A186CE020 doesn't match image C:\Users\2016002\Desktop\UnityWork\GameDEV\GD-4GA3-Summer-Main\GD3_SummerProject\Library\ScriptAssemblies\Unity.2D.IK.Editor.dll
Symbol file LoadedFromMemory is not a mono symbol file
Symbol file data-0000020A3F73AD70 doesn't match image C:\Users\2016002\Desktop\UnityWork\GameDEV\GD-4GA3-Summer-Main\GD3_SummerProject\Library\ScriptAssemblies\Unity.2D.Sprite.Editor.dll
Symbol file LoadedFromMemory is not a mono symbol file
Symbol file data-0000020A16FE3030 doesn't match image C:\Users\2016002\Desktop\UnityWork\GameDEV\GD-4GA3-Summer-Main\GD3_SummerProject\Library\ScriptAssemblies\Unity.2D.Psdimporter.Editor.dll
Symbol file LoadedFromMemory is not a mono symbol file
Symbol file data-0000020A13E2A100 doesn't match image C:\Users\2016002\Desktop\UnityWork\GameDEV\GD-4GA3-Summer-Main\GD3_SummerProject\Library\ScriptAssemblies\Unity.2D.Path.Editor.dll
Symbol file LoadedFromMemory is not a mono symbol file
Symbol file data-0000020A18F061A0 doesn't match image C:\Users\2016002\Desktop\UnityWork\GameDEV\GD-4GA3-Summer-Main\GD3_SummerProject\Library\ScriptAssemblies\Unity.InternalAPIEditorBridge.001.dll
Symbol file LoadedFromMemory is not a mono symbol file
Symbol file data-0000020A16FE3030 doesn't match image C:\Users\2016002\Desktop\UnityWork\GameDEV\GD-4GA3-Summer-Main\GD3_SummerProject\Library\ScriptAssemblies\UnityEditor.UI.dll
Symbol file LoadedFromMemory is not a mono symbol file
Symbol file data-0000020A16AC9010 doesn't match image C:\Users\2016002\Desktop\UnityWork\GameDEV\GD-4GA3-Summer-Main\GD3_SummerProject\Library\ScriptAssemblies\Unity.InputSystem.dll
Symbol file LoadedFromMemory is not a mono symbol file
Symbol file data-0000020A18800820 doesn't match image C:\Users\2016002\Desktop\UnityWork\GameDEV\GD-4GA3-Summer-Main\GD3_SummerProject\Library\ScriptAssemblies\Unity.Rider.Editor.dll
Symbol file LoadedFromMemory is not a mono symbol file
Symbol file data-0000020A16C67FC0 doesn't match image C:\Users\2016002\Desktop\UnityWork\GameDEV\GD-4GA3-Summer-Main\GD3_SummerProject\Library\ScriptAssemblies\Unity.PlasticSCM.Editor.dll
Symbol file LoadedFromMemory is not a mono symbol file
Symbol file data-0000020A189A03C0 doesn't match image C:\Users\2016002\Desktop\UnityWork\GameDEV\GD-4GA3-Summer-Main\GD3_SummerProject\Library\ScriptAssemblies\UnityEngine.UI.dll
Symbol file LoadedFromMemory is not a mono symbol file
Symbol file data-0000020A3F107020 doesn't match image C:\Users\2016002\Desktop\UnityWork\GameDEV\GD-4GA3-Summer-Main\GD3_SummerProject\Library\ScriptAssemblies\Unity.Mathematics.dll
Symbol file LoadedFromMemory is not a mono symbol file
Symbol file data-0000020A1712C8A0 doesn't match image C:\Users\2016002\Desktop\UnityWork\GameDEV\GD-4GA3-Summer-Main\GD3_SummerProject\Library\ScriptAssemblies\Unity.2D.IK.Runtime.dll
Symbol file LoadedFromMemory is not a mono symbol file
Symbol file data-0000020A18BB7F10 doesn't match image C:\Users\2016002\Desktop\UnityWork\GameDEV\GD-4GA3-Summer-Main\GD3_SummerProject\Library\ScriptAssemblies\Unity.Services.Core.Editor.dll
Symbol file LoadedFromMemory is not a mono symbol file
Symbol file data-0000020A0F658E60 doesn't match image C:\Users\2016002\Desktop\UnityWork\GameDEV\GD-4GA3-Summer-Main\GD3_SummerProject\Library\ScriptAssemblies\Unity.2D.Animation.Triangle.Runtime.dll
Symbol file LoadedFromMemory is not a mono symbol file
Symbol file data-0000020A18A8EBC0 doesn't match image C:\Users\2016002\Desktop\UnityWork\GameDEV\GD-4GA3-Summer-Main\GD3_SummerProject\Library\ScriptAssemblies\Unity.2D.Animation.Runtime.dll
Symbol file LoadedFromMemory is not a mono symbol file
Symbol file data-0000020A16F6A5A0 doesn't match image C:\Users\2016002\Desktop\UnityWork\GameDEV\GD-4GA3-Summer-Main\GD3_SummerProject\Library\ScriptAssemblies\Unity.2D.PixelPerfect.Editor.dll
Symbol file LoadedFromMemory is not a mono symbol file
Symbol file data-0000020A18789F30 doesn't match image C:\Users\2016002\Desktop\UnityWork\GameDEV\GD-4GA3-Summer-Main\GD3_SummerProject\Library\ScriptAssemblies\Unity.Timeline.Editor.dll
Symbol file LoadedFromMemory is not a mono symbol file
Symbol file data-0000020A400E2010 doesn't match image C:\Users\2016002\Desktop\UnityWork\GameDEV\GD-4GA3-Summer-Main\GD3_SummerProject\Library\ScriptAssemblies\Unity.CollabProxy.Editor.dll
Symbol file LoadedFromMemory is not a mono symbol file
Symbol file data-0000020A405854F0 doesn't match image C:\Users\2016002\Desktop\UnityWork\GameDEV\GD-4GA3-Summer-Main\GD3_SummerProject\Library\ScriptAssemblies\Unity.Mathematics.Editor.dll
Symbol file LoadedFromMemory is not a mono symbol file
Symbol file data-0000020A14559880 doesn't match image C:\Users\2016002\Desktop\UnityWork\GameDEV\GD-4GA3-Summer-Main\GD3_SummerProject\Library\ScriptAssemblies\Unity.2D.Common.Runtime.dll
Symbol file LoadedFromMemory is not a mono symbol file
Symbol file data-0000020A13E8B020 doesn't match image C:\Users\2016002\Desktop\UnityWork\GameDEV\GD-4GA3-Summer-Main\GD3_SummerProject\Library\ScriptAssemblies\Unity.2D.SpriteShape.Editor.dll
Symbol file LoadedFromMemory is not a mono symbol file
Symbol file data-0000020A1848B880 doesn't match image C:\Users\2016002\Desktop\UnityWork\GameDEV\GD-4GA3-Summer-Main\GD3_SummerProject\Library\ScriptAssemblies\Unity.2D.Common.Editor.dll
Symbol file LoadedFromMemory is not a mono symbol file
Symbol file data-0000020A14127010 doesn't match image C:\Users\2016002\Desktop\UnityWork\GameDEV\GD-4GA3-Summer-Main\GD3_SummerProject\Library\ScriptAssemblies\Unity.2D.SpriteShape.Runtime.dll
Symbol file LoadedFromMemory is not a mono symbol file
Native extension for WindowsStandalone target not found
Refreshing native plugins compatible for Editor in 0.47 ms, found 3 plugins.
Preloading 0 native plugins for Editor in 0.00 ms.
Mono: successfully reloaded assembly
- Completed reload, in  0.931 seconds
Domain Reload Profiling:
	ReloadAssembly (932ms)
		BeginReloadAssembly (127ms)
			ExecutionOrderSort (0ms)
			DisableScriptedObjects (6ms)
			BackupInstance (0ms)
			ReleaseScriptingObjects (0ms)
			CreateAndSetChildDomain (46ms)
		EndReloadAssembly (753ms)
			LoadAssemblies (92ms)
			RebuildTransferFunctionScriptingTraits (0ms)
			SetupTypeCache (252ms)
			ReleaseScriptCaches (1ms)
			RebuildScriptCaches (35ms)
			SetupLoadedEditorAssemblies (282ms)
				LogAssemblyErrors (0ms)
				InitializePlatformSupportModulesInManaged (3ms)
				SetLoadedEditorAssemblies (0ms)
				RefreshPlugins (1ms)
				BeforeProcessingInitializeOnLoad (70ms)
				ProcessInitializeOnLoadAttributes (192ms)
				ProcessInitializeOnLoadMethodAttributes (9ms)
				AfterProcessingInitializeOnLoad (6ms)
				EditorAssembliesLoaded (0ms)
			ExecutionOrderSort2 (0ms)
			AwakeInstancesAfterBackupRestoration (7ms)
Platform modules already initialized, skipping
Refreshing native plugins compatible for Editor in 0.49 ms, found 3 plugins.
Preloading 0 native plugins for Editor in 0.00 ms.
Unloading 2566 Unused Serialized files (Serialized files now loaded: 0)
System memory in use before: 116.3 MB.
System memory in use after: 116.4 MB.

Unloading 21 unused Assets to reduce memory usage. Loaded Objects now: 3076.
Total: 3.238900 ms (FindLiveObjects: 0.180000 ms CreateObjectMapping: 0.107000 ms MarkObjects: 2.846400 ms  DeleteObjects: 0.105100 ms)

AssetImportParameters requested are different than current active one (requested -> active):
  custom:framework-win-MediaFoundation: 216162199b28c13a410421893ffa2e32 -> 
  custom:video-decoder-ogg-theora: a1e56fd34408186e4bbccfd4996cb3dc -> 
  custom:container-muxer-webm: aa71ff27fc2769a1b78a27578f13a17b -> 
  custom:container-demuxer-webm: 4f35f7cbe854078d1ac9338744f61a02 -> 
  custom:container-demuxer-ogg: 62fdf1f143b41e24485cea50d1cbac27 -> 
  custom:video-encoder-webm-vp8: eb34c28f22e8b96e1ab97ce403110664 -> 
  custom:video-decoder-webm-vp8: 9c59270c3fd7afecdb556c50c9e8de78 -> 
  custom:audio-decoder-ogg-vorbis: bf7c407c2cedff20999df2af8eb42d56 -> 
  custom:audio-encoder-webm-vorbis: bf7c407c2cedff20999df2af8eb42d56 -> 
========================================================================
Received Prepare
Registering precompiled user dll's ...
Registered in 0.003642 seconds.
Begin MonoManager ReloadAssembly
Symbol file data-0000020A1919C020 doesn't match image C:\Users\2016002\Desktop\UnityWork\GameDEV\GD-4GA3-Summer-Main\GD3_SummerProject\Library\ScriptAssemblies\Unity.2D.Animation.Editor.dll
Symbol file LoadedFromMemory is not a mono symbol file
Symbol file data-0000020A3F9C7B30 doesn't match image C:\Users\2016002\Desktop\UnityWork\GameDEV\GD-4GA3-Summer-Main\GD3_SummerProject\Library\ScriptAssemblies\Unity.InternalAPIEngineBridge.001.dll
Symbol file LoadedFromMemory is not a mono symbol file
Symbol file data-0000020A4026CD70 doesn't match image C:\Users\2016002\Desktop\UnityWork\GameDEV\GD-4GA3-Summer-Main\GD3_SummerProject\Library\ScriptAssemblies\Unity.2D.PixelPerfect.dll
Symbol file LoadedFromMemory is not a mono symbol file
Symbol file data-0000020A3E3DA010 doesn't match image C:\Users\2016002\Desktop\UnityWork\GameDEV\GD-4GA3-Summer-Main\GD3_SummerProject\Library\ScriptAssemblies\Unity.2D.Tilemap.Editor.dll
Symbol file LoadedFromMemory is not a mono symbol file
Symbol file data-0000020A18BBF3D0 doesn't match image C:\Users\2016002\Desktop\UnityWork\GameDEV\GD-4GA3-Summer-Main\GD3_SummerProject\Library\ScriptAssemblies\PsdPlugin.dll
Symbol file LoadedFromMemory is not a mono symbol file
Symbol file data-0000020A3F8BF010 doesn't match image C:\Users\2016002\Desktop\UnityWork\GameDEV\GD-4GA3-Summer-Main\GD3_SummerProject\Library\ScriptAssemblies\Unity.TextMeshPro.Editor.dll
Symbol file LoadedFromMemory is not a mono symbol file
Symbol file data-0000020A16FE3030 doesn't match image C:\Users\2016002\Desktop\UnityWork\GameDEV\GD-4GA3-Summer-Main\GD3_SummerProject\Library\ScriptAssemblies\Unity.VisualStudio.Editor.dll
Symbol file LoadedFromMemory is not a mono symbol file
Symbol file data-0000020A18A963F0 doesn't match image C:\Users\2016002\Desktop\UnityWork\GameDEV\GD-4GA3-Summer-Main\GD3_SummerProject\Library\ScriptAssemblies\UnityEngine.TestRunner.dll
Symbol file LoadedFromMemory is not a mono symbol file
Symbol file data-0000020A14127010 doesn't match image C:\Users\2016002\Desktop\UnityWork\GameDEV\GD-4GA3-Summer-Main\GD3_SummerProject\Library\ScriptAssemblies\Unity.Timeline.dll
Symbol file LoadedFromMemory is not a mono symbol file
Symbol file data-0000020A13E91F20 doesn't match image C:\Users\2016002\Desktop\UnityWork\GameDEV\GD-4GA3-Summer-Main\GD3_SummerProject\Library\ScriptAssemblies\Unity.TextMeshPro.dll
Symbol file LoadedFromMemory is not a mono symbol file
Symbol file data-0000020A0F75D010 doesn't match image C:\Users\2016002\Desktop\UnityWork\GameDEV\GD-4GA3-Summer-Main\GD3_SummerProject\Library\ScriptAssemblies\UnityEditor.TestRunner.dll
Symbol file LoadedFromMemory is not a mono symbol file
Symbol file data-0000020A134030A0 doesn't match image C:\Users\2016002\Desktop\UnityWork\GameDEV\GD-4GA3-Summer-Main\GD3_SummerProject\Library\ScriptAssemblies\Unity.2D.IK.Editor.dll
Symbol file LoadedFromMemory is not a mono symbol file
Symbol file data-0000020A3F73AD70 doesn't match image C:\Users\2016002\Desktop\UnityWork\GameDEV\GD-4GA3-Summer-Main\GD3_SummerProject\Library\ScriptAssemblies\Unity.2D.Sprite.Editor.dll
Symbol file LoadedFromMemory is not a mono symbol file
Symbol file data-0000020A16FE3030 doesn't match image C:\Users\2016002\Desktop\UnityWork\GameDEV\GD-4GA3-Summer-Main\GD3_SummerProject\Library\ScriptAssemblies\Unity.2D.Psdimporter.Editor.dll
Symbol file LoadedFromMemory is not a mono symbol file
Symbol file data-0000020A13E2A100 doesn't match image C:\Users\2016002\Desktop\UnityWork\GameDEV\GD-4GA3-Summer-Main\GD3_SummerProject\Library\ScriptAssemblies\Unity.2D.Path.Editor.dll
Symbol file LoadedFromMemory is not a mono symbol file
Symbol file data-0000020A1884D420 doesn't match image C:\Users\2016002\Desktop\UnityWork\GameDEV\GD-4GA3-Summer-Main\GD3_SummerProject\Library\ScriptAssemblies\Unity.InternalAPIEditorBridge.001.dll
Symbol file LoadedFromMemory is not a mono symbol file
Symbol file data-0000020A16FE3030 doesn't match image C:\Users\2016002\Desktop\UnityWork\GameDEV\GD-4GA3-Summer-Main\GD3_SummerProject\Library\ScriptAssemblies\UnityEditor.UI.dll
Symbol file LoadedFromMemory is not a mono symbol file
Symbol file data-0000020A16AC9010 doesn't match image C:\Users\2016002\Desktop\UnityWork\GameDEV\GD-4GA3-Summer-Main\GD3_SummerProject\Library\ScriptAssemblies\Unity.InputSystem.dll
Symbol file LoadedFromMemory is not a mono symbol file
Symbol file data-0000020A13821670 doesn't match image C:\Users\2016002\Desktop\UnityWork\GameDEV\GD-4GA3-Summer-Main\GD3_SummerProject\Library\ScriptAssemblies\Unity.Rider.Editor.dll
Symbol file LoadedFromMemory is not a mono symbol file
Symbol file data-0000020A16C67FC0 doesn't match image C:\Users\2016002\Desktop\UnityWork\GameDEV\GD-4GA3-Summer-Main\GD3_SummerProject\Library\ScriptAssemblies\Unity.PlasticSCM.Editor.dll
Symbol file LoadedFromMemory is not a mono symbol file
Symbol file data-0000020A189A03C0 doesn't match image C:\Users\2016002\Desktop\UnityWork\GameDEV\GD-4GA3-Summer-Main\GD3_SummerProject\Library\ScriptAssemblies\UnityEngine.UI.dll
Symbol file LoadedFromMemory is not a mono symbol file
Symbol file data-0000020A13A0F010 doesn't match image C:\Users\2016002\Desktop\UnityWork\GameDEV\GD-4GA3-Summer-Main\GD3_SummerProject\Library\ScriptAssemblies\Unity.Mathematics.dll
Symbol file LoadedFromMemory is not a mono symbol file
Symbol file data-0000020A17124060 doesn't match image C:\Users\2016002\Desktop\UnityWork\GameDEV\GD-4GA3-Summer-Main\GD3_SummerProject\Library\ScriptAssemblies\Unity.2D.IK.Runtime.dll
Symbol file LoadedFromMemory is not a mono symbol file
Symbol file data-0000020A16456020 doesn't match image C:\Users\2016002\Desktop\UnityWork\GameDEV\GD-4GA3-Summer-Main\GD3_SummerProject\Library\ScriptAssemblies\Unity.Services.Core.Editor.dll
Symbol file LoadedFromMemory is not a mono symbol file
Symbol file data-0000020A0F658E60 doesn't match image C:\Users\2016002\Desktop\UnityWork\GameDEV\GD-4GA3-Summer-Main\GD3_SummerProject\Library\ScriptAssemblies\Unity.2D.Animation.Triangle.Runtime.dll
Symbol file LoadedFromMemory is not a mono symbol file
Symbol file data-0000020A0F060070 doesn't match image C:\Users\2016002\Desktop\UnityWork\GameDEV\GD-4GA3-Summer-Main\GD3_SummerProject\Library\ScriptAssemblies\Unity.2D.Animation.Runtime.dll
Symbol file LoadedFromMemory is not a mono symbol file
Symbol file data-0000020A16F6C9E0 doesn't match image C:\Users\2016002\Desktop\UnityWork\GameDEV\GD-4GA3-Summer-Main\GD3_SummerProject\Library\ScriptAssemblies\Unity.2D.PixelPerfect.Editor.dll
Symbol file LoadedFromMemory is not a mono symbol file
Symbol file data-0000020A17E6A030 doesn't match image C:\Users\2016002\Desktop\UnityWork\GameDEV\GD-4GA3-Summer-Main\GD3_SummerProject\Library\ScriptAssemblies\Unity.Timeline.Editor.dll
Symbol file LoadedFromMemory is not a mono symbol file
Symbol file data-0000020A400E2010 doesn't match image C:\Users\2016002\Desktop\UnityWork\GameDEV\GD-4GA3-Summer-Main\GD3_SummerProject\Library\ScriptAssemblies\Unity.CollabProxy.Editor.dll
Symbol file LoadedFromMemory is not a mono symbol file
Symbol file data-0000020A405880A0 doesn't match image C:\Users\2016002\Desktop\UnityWork\GameDEV\GD-4GA3-Summer-Main\GD3_SummerProject\Library\ScriptAssemblies\Unity.Mathematics.Editor.dll
Symbol file LoadedFromMemory is not a mono symbol file
Symbol file data-0000020A14559880 doesn't match image C:\Users\2016002\Desktop\UnityWork\GameDEV\GD-4GA3-Summer-Main\GD3_SummerProject\Library\ScriptAssemblies\Unity.2D.Common.Runtime.dll
Symbol file LoadedFromMemory is not a mono symbol file
Symbol file data-0000020A13E8B020 doesn't match image C:\Users\2016002\Desktop\UnityWork\GameDEV\GD-4GA3-Summer-Main\GD3_SummerProject\Library\ScriptAssemblies\Unity.2D.SpriteShape.Editor.dll
Symbol file LoadedFromMemory is not a mono symbol file
Symbol file data-0000020A134030A0 doesn't match image C:\Users\2016002\Desktop\UnityWork\GameDEV\GD-4GA3-Summer-Main\GD3_SummerProject\Library\ScriptAssemblies\Unity.2D.Common.Editor.dll
Symbol file LoadedFromMemory is not a mono symbol file
Symbol file data-0000020A14127010 doesn't match image C:\Users\2016002\Desktop\UnityWork\GameDEV\GD-4GA3-Summer-Main\GD3_SummerProject\Library\ScriptAssemblies\Unity.2D.SpriteShape.Runtime.dll
Symbol file LoadedFromMemory is not a mono symbol file
Native extension for WindowsStandalone target not found
Refreshing native plugins compatible for Editor in 0.47 ms, found 3 plugins.
Preloading 0 native plugins for Editor in 0.00 ms.
Mono: successfully reloaded assembly
- Completed reload, in  0.961 seconds
Domain Reload Profiling:
	ReloadAssembly (962ms)
		BeginReloadAssembly (135ms)
			ExecutionOrderSort (0ms)
			DisableScriptedObjects (7ms)
			BackupInstance (0ms)
			ReleaseScriptingObjects (0ms)
			CreateAndSetChildDomain (50ms)
		EndReloadAssembly (763ms)
			LoadAssemblies (97ms)
			RebuildTransferFunctionScriptingTraits (0ms)
			SetupTypeCache (251ms)
			ReleaseScriptCaches (1ms)
			RebuildScriptCaches (39ms)
			SetupLoadedEditorAssemblies (295ms)
				LogAssemblyErrors (0ms)
				InitializePlatformSupportModulesInManaged (3ms)
				SetLoadedEditorAssemblies (0ms)
				RefreshPlugins (1ms)
				BeforeProcessingInitializeOnLoad (73ms)
				ProcessInitializeOnLoadAttributes (197ms)
				ProcessInitializeOnLoadMethodAttributes (14ms)
				AfterProcessingInitializeOnLoad (7ms)
				EditorAssembliesLoaded (0ms)
			ExecutionOrderSort2 (0ms)
			AwakeInstancesAfterBackupRestoration (8ms)
Platform modules already initialized, skipping
Refreshing native plugins compatible for Editor in 0.48 ms, found 3 plugins.
Preloading 0 native plugins for Editor in 0.00 ms.
Unloading 2566 Unused Serialized files (Serialized files now loaded: 0)
System memory in use before: 116.3 MB.
System memory in use after: 116.4 MB.

Unloading 21 unused Assets to reduce memory usage. Loaded Objects now: 3078.
Total: 3.055200 ms (FindLiveObjects: 0.189600 ms CreateObjectMapping: 0.095800 ms MarkObjects: 2.606700 ms  DeleteObjects: 0.162400 ms)

AssetImportParameters requested are different than current active one (requested -> active):
  custom:framework-win-MediaFoundation: 216162199b28c13a410421893ffa2e32 -> 
  custom:video-decoder-ogg-theora: a1e56fd34408186e4bbccfd4996cb3dc -> 
  custom:container-muxer-webm: aa71ff27fc2769a1b78a27578f13a17b -> 
  custom:container-demuxer-webm: 4f35f7cbe854078d1ac9338744f61a02 -> 
  custom:container-demuxer-ogg: 62fdf1f143b41e24485cea50d1cbac27 -> 
  custom:video-encoder-webm-vp8: eb34c28f22e8b96e1ab97ce403110664 -> 
  custom:video-decoder-webm-vp8: 9c59270c3fd7afecdb556c50c9e8de78 -> 
  custom:audio-decoder-ogg-vorbis: bf7c407c2cedff20999df2af8eb42d56 -> 
  custom:audio-encoder-webm-vorbis: bf7c407c2cedff20999df2af8eb42d56 -> 
AssetImportWorkerClient::OnTransportError - code=2 error=End of file
