Using pre-set license
Built from '2020.3/staging' branch; Version is '2020.3.30f1 (1fb1bf06830e) revision 2077119'; Using compiler version '192528614'; Build Type 'Release'
OS: 'Windows 10  (10.0.19044) 64bit Education' Language: 'ja' Physical Memory: 16216 MB
BatchMode: 1, IsHumanControllingUs: 0, StartBugReporterOnCrash: 0, Is64bit: 1, IsPro: 0

COMMAND LINE ARGUMENTS:
C:\Program Files\Unity\Hub\Editor\2020.3.30f1\Editor\Unity.exe
-adb2
-batchMode
-noUpm
-name
AssetImportWorker1
-projectPath
C:/Users/2016002/Desktop/UnityWork/GameDEV/GD-4GA3-Summer-Main/GD3_SummerProject
-logFile
Logs/AssetImportWorker1.log
-srvPort
50307
Successfully changed project path to: C:/Users/2016002/Desktop/UnityWork/GameDEV/GD-4GA3-Summer-Main/GD3_SummerProject
C:/Users/2016002/Desktop/UnityWork/GameDEV/GD-4GA3-Summer-Main/GD3_SummerProject
Using Asset Import Pipeline V2.
Refreshing native plugins compatible for Editor in 44.64 ms, found 3 plugins.
Preloading 0 native plugins for Editor in 0.00 ms.
Initialize engine version: 2020.3.30f1 (1fb1bf06830e)
[Subsystems] Discovering subsystems at path C:/Program Files/Unity/Hub/Editor/2020.3.30f1/Editor/Data/Resources/UnitySubsystems
[Subsystems] Discovering subsystems at path C:/Users/2016002/Desktop/UnityWork/GameDEV/GD-4GA3-Summer-Main/GD3_SummerProject/Assets
GfxDevice: creating device client; threaded=0
Direct3D:
    Version:  Direct3D 11.0 [level 11.1]
    Renderer: NVIDIA GeForce RTX 2060 (ID=0x1f15)
    Vendor:   
    VRAM:     5980 MB
    Driver:   27.21.14.6242
Initialize mono
Mono path[0] = 'C:/Program Files/Unity/Hub/Editor/2020.3.30f1/Editor/Data/Managed'
Mono path[1] = 'C:/Program Files/Unity/Hub/Editor/2020.3.30f1/Editor/Data/MonoBleedingEdge/lib/mono/unityjit'
Mono config path = 'C:/Program Files/Unity/Hub/Editor/2020.3.30f1/Editor/Data/MonoBleedingEdge/etc'
Using monoOptions --debugger-agent=transport=dt_socket,embedding=1,server=y,suspend=n,address=127.0.0.1:56732
Begin MonoManager ReloadAssembly
Registering precompiled unity dll's ...
Register platform support module: C:/Program Files/Unity/Hub/Editor/2020.3.30f1/Editor/Data/PlaybackEngines/WindowsStandaloneSupport/UnityEditor.WindowsStandalone.Extensions.dll
Registered in 0.001650 seconds.
Native extension for WindowsStandalone target not found
Refreshing native plugins compatible for Editor in 42.42 ms, found 3 plugins.
Preloading 0 native plugins for Editor in 0.00 ms.
Mono: successfully reloaded assembly
- Completed reload, in  0.486 seconds
Domain Reload Profiling:
	ReloadAssembly (486ms)
		BeginReloadAssembly (54ms)
			ExecutionOrderSort (0ms)
			DisableScriptedObjects (0ms)
			BackupInstance (0ms)
			ReleaseScriptingObjects (0ms)
			CreateAndSetChildDomain (1ms)
		EndReloadAssembly (373ms)
			LoadAssemblies (52ms)
			RebuildTransferFunctionScriptingTraits (0ms)
			SetupTypeCache (123ms)
			ReleaseScriptCaches (0ms)
			RebuildScriptCaches (26ms)
			SetupLoadedEditorAssemblies (147ms)
				LogAssemblyErrors (0ms)
				InitializePlatformSupportModulesInManaged (3ms)
				SetLoadedEditorAssemblies (0ms)
				RefreshPlugins (42ms)
				BeforeProcessingInitializeOnLoad (13ms)
				ProcessInitializeOnLoadAttributes (65ms)
				ProcessInitializeOnLoadMethodAttributes (22ms)
				AfterProcessingInitializeOnLoad (0ms)
				EditorAssembliesLoaded (0ms)
			ExecutionOrderSort2 (0ms)
			AwakeInstancesAfterBackupRestoration (0ms)
Platform modules already initialized, skipping
Registering precompiled user dll's ...
Registered in 0.003040 seconds.
Begin MonoManager ReloadAssembly
Symbol file data-000001E945E59CB0 doesn't match image C:\Users\2016002\Desktop\UnityWork\GameDEV\GD-4GA3-Summer-Main\GD3_SummerProject\Library\ScriptAssemblies\Unity.2D.Animation.Editor.dll
Symbol file LoadedFromMemory is not a mono symbol file
Symbol file data-000001E947071C40 doesn't match image C:\Users\2016002\Desktop\UnityWork\GameDEV\GD-4GA3-Summer-Main\GD3_SummerProject\Library\ScriptAssemblies\Unity.InternalAPIEngineBridge.001.dll
Symbol file LoadedFromMemory is not a mono symbol file
Symbol file data-000001E945E33AD0 doesn't match image C:\Users\2016002\Desktop\UnityWork\GameDEV\GD-4GA3-Summer-Main\GD3_SummerProject\Library\ScriptAssemblies\Unity.VSCode.Editor.dll
Symbol file LoadedFromMemory is not a mono symbol file
Symbol file data-000001E942616010 doesn't match image C:\Users\2016002\Desktop\UnityWork\GameDEV\GD-4GA3-Summer-Main\GD3_SummerProject\Library\ScriptAssemblies\Unity.2D.PixelPerfect.dll
Symbol file LoadedFromMemory is not a mono symbol file
Symbol file data-000001E945E1BC20 doesn't match image C:\Users\2016002\Desktop\UnityWork\GameDEV\GD-4GA3-Summer-Main\GD3_SummerProject\Library\ScriptAssemblies\Unity.2D.Tilemap.Editor.dll
Symbol file LoadedFromMemory is not a mono symbol file
Symbol file data-000001E945BB8680 doesn't match image C:\Users\2016002\Desktop\UnityWork\GameDEV\GD-4GA3-Summer-Main\GD3_SummerProject\Library\ScriptAssemblies\PsdPlugin.dll
Symbol file LoadedFromMemory is not a mono symbol file
Symbol file data-000001E945E784D0 doesn't match image C:\Users\2016002\Desktop\UnityWork\GameDEV\GD-4GA3-Summer-Main\GD3_SummerProject\Library\ScriptAssemblies\Unity.TextMeshPro.Editor.dll
Symbol file LoadedFromMemory is not a mono symbol file
Symbol file data-000001E945E4B010 doesn't match image C:\Users\2016002\Desktop\UnityWork\GameDEV\GD-4GA3-Summer-Main\GD3_SummerProject\Library\ScriptAssemblies\Unity.VisualStudio.Editor.dll
Symbol file LoadedFromMemory is not a mono symbol file
Symbol file data-000001E9463FA220 doesn't match image C:\Users\2016002\Desktop\UnityWork\GameDEV\GD-4GA3-Summer-Main\GD3_SummerProject\Library\ScriptAssemblies\UnityEngine.TestRunner.dll
Symbol file LoadedFromMemory is not a mono symbol file
Symbol file data-000001E945E1BC20 doesn't match image C:\Users\2016002\Desktop\UnityWork\GameDEV\GD-4GA3-Summer-Main\GD3_SummerProject\Library\ScriptAssemblies\Unity.Timeline.dll
Symbol file LoadedFromMemory is not a mono symbol file
Symbol file data-000001E942B4F0D0 doesn't match image C:\Users\2016002\Desktop\UnityWork\GameDEV\GD-4GA3-Summer-Main\GD3_SummerProject\Library\ScriptAssemblies\Unity.TextMeshPro.dll
Symbol file LoadedFromMemory is not a mono symbol file
Symbol file data-000001E946619C30 doesn't match image C:\Users\2016002\Desktop\UnityWork\GameDEV\GD-4GA3-Summer-Main\GD3_SummerProject\Library\ScriptAssemblies\UnityEditor.TestRunner.dll
Symbol file LoadedFromMemory is not a mono symbol file
Symbol file data-000001E945BBFA90 doesn't match image C:\Users\2016002\Desktop\UnityWork\GameDEV\GD-4GA3-Summer-Main\GD3_SummerProject\Library\ScriptAssemblies\Unity.2D.IK.Editor.dll
Symbol file LoadedFromMemory is not a mono symbol file
Symbol file data-000001E945E784D0 doesn't match image C:\Users\2016002\Desktop\UnityWork\GameDEV\GD-4GA3-Summer-Main\GD3_SummerProject\Library\ScriptAssemblies\Unity.2D.Sprite.Editor.dll
Symbol file LoadedFromMemory is not a mono symbol file
Symbol file data-000001E945EDD430 doesn't match image C:\Users\2016002\Desktop\UnityWork\GameDEV\GD-4GA3-Summer-Main\GD3_SummerProject\Library\ScriptAssemblies\Unity.2D.Psdimporter.Editor.dll
Symbol file LoadedFromMemory is not a mono symbol file
Symbol file data-000001E9463FA220 doesn't match image C:\Users\2016002\Desktop\UnityWork\GameDEV\GD-4GA3-Summer-Main\GD3_SummerProject\Library\ScriptAssemblies\Unity.2D.Path.Editor.dll
Symbol file LoadedFromMemory is not a mono symbol file
Symbol file data-000001E946342450 doesn't match image C:\Users\2016002\Desktop\UnityWork\GameDEV\GD-4GA3-Summer-Main\GD3_SummerProject\Library\ScriptAssemblies\Unity.InternalAPIEditorBridge.001.dll
Symbol file LoadedFromMemory is not a mono symbol file
Symbol file data-000001E945EDD430 doesn't match image C:\Users\2016002\Desktop\UnityWork\GameDEV\GD-4GA3-Summer-Main\GD3_SummerProject\Library\ScriptAssemblies\UnityEditor.UI.dll
Symbol file LoadedFromMemory is not a mono symbol file
Symbol file data-000001E945EDD430 doesn't match image C:\Users\2016002\Desktop\UnityWork\GameDEV\GD-4GA3-Summer-Main\GD3_SummerProject\Library\ScriptAssemblies\Unity.Rider.Editor.dll
Symbol file LoadedFromMemory is not a mono symbol file
Symbol file data-000001E942F897F0 doesn't match image C:\Users\2016002\Desktop\UnityWork\GameDEV\GD-4GA3-Summer-Main\GD3_SummerProject\Library\ScriptAssemblies\Unity.PlasticSCM.Editor.dll
Symbol file LoadedFromMemory is not a mono symbol file
Symbol file data-000001E94663F010 doesn't match image C:\Users\2016002\Desktop\UnityWork\GameDEV\GD-4GA3-Summer-Main\GD3_SummerProject\Library\ScriptAssemblies\UnityEngine.UI.dll
Symbol file LoadedFromMemory is not a mono symbol file
Symbol file data-000001E942EBEE10 doesn't match image C:\Users\2016002\Desktop\UnityWork\GameDEV\GD-4GA3-Summer-Main\GD3_SummerProject\Library\ScriptAssemblies\Unity.Mathematics.dll
Symbol file LoadedFromMemory is not a mono symbol file
Symbol file data-000001E945E4F820 doesn't match image C:\Users\2016002\Desktop\UnityWork\GameDEV\GD-4GA3-Summer-Main\GD3_SummerProject\Library\ScriptAssemblies\Unity.2D.IK.Runtime.dll
Symbol file LoadedFromMemory is not a mono symbol file
Symbol file data-000001E945A7A620 doesn't match image C:\Users\2016002\Desktop\UnityWork\GameDEV\GD-4GA3-Summer-Main\GD3_SummerProject\Library\ScriptAssemblies\Unity.Services.Core.Editor.dll
Symbol file LoadedFromMemory is not a mono symbol file
Symbol file data-000001E945D51C20 doesn't match image C:\Users\2016002\Desktop\UnityWork\GameDEV\GD-4GA3-Summer-Main\GD3_SummerProject\Library\ScriptAssemblies\Unity.2D.Animation.Triangle.Runtime.dll
Symbol file LoadedFromMemory is not a mono symbol file
Symbol file data-000001E945A7A620 doesn't match image C:\Users\2016002\Desktop\UnityWork\GameDEV\GD-4GA3-Summer-Main\GD3_SummerProject\Library\ScriptAssemblies\Unity.2D.Animation.Runtime.dll
Symbol file LoadedFromMemory is not a mono symbol file
Symbol file data-000001E94631C6F0 doesn't match image C:\Users\2016002\Desktop\UnityWork\GameDEV\GD-4GA3-Summer-Main\GD3_SummerProject\Library\ScriptAssemblies\Unity.2D.PixelPerfect.Editor.dll
Symbol file LoadedFromMemory is not a mono symbol file
Symbol file data-000001E94264F950 doesn't match image C:\Users\2016002\Desktop\UnityWork\GameDEV\GD-4GA3-Summer-Main\GD3_SummerProject\Library\ScriptAssemblies\Unity.Timeline.Editor.dll
Symbol file LoadedFromMemory is not a mono symbol file
Symbol file data-000001E9429EEC20 doesn't match image C:\Users\2016002\Desktop\UnityWork\GameDEV\GD-4GA3-Summer-Main\GD3_SummerProject\Library\ScriptAssemblies\Unity.CollabProxy.Editor.dll
Symbol file LoadedFromMemory is not a mono symbol file
Symbol file data-000001E942E641E0 doesn't match image C:\Users\2016002\Desktop\UnityWork\GameDEV\GD-4GA3-Summer-Main\GD3_SummerProject\Library\ScriptAssemblies\Unity.Mathematics.Editor.dll
Symbol file LoadedFromMemory is not a mono symbol file
Symbol file data-000001E9458C5CA0 doesn't match image C:\Users\2016002\Desktop\UnityWork\GameDEV\GD-4GA3-Summer-Main\GD3_SummerProject\Library\ScriptAssemblies\Unity.2D.Common.Runtime.dll
Symbol file LoadedFromMemory is not a mono symbol file
Symbol file data-000001E9429F4030 doesn't match image C:\Users\2016002\Desktop\UnityWork\GameDEV\GD-4GA3-Summer-Main\GD3_SummerProject\Library\ScriptAssemblies\Unity.2D.SpriteShape.Editor.dll
Symbol file LoadedFromMemory is not a mono symbol file
Symbol file data-000001E94662B040 doesn't match image C:\Users\2016002\Desktop\UnityWork\GameDEV\GD-4GA3-Summer-Main\GD3_SummerProject\Library\ScriptAssemblies\Unity.2D.Common.Editor.dll
Symbol file LoadedFromMemory is not a mono symbol file
Symbol file data-000001E946C2C630 doesn't match image C:\Users\2016002\Desktop\UnityWork\GameDEV\GD-4GA3-Summer-Main\GD3_SummerProject\Library\ScriptAssemblies\Unity.2D.SpriteShape.Runtime.dll
Symbol file LoadedFromMemory is not a mono symbol file
Native extension for WindowsStandalone target not found
Refreshing native plugins compatible for Editor in 40.40 ms, found 3 plugins.
Preloading 0 native plugins for Editor in 0.00 ms.
Mono: successfully reloaded assembly
- Completed reload, in  0.899 seconds
Domain Reload Profiling:
	ReloadAssembly (899ms)
		BeginReloadAssembly (122ms)
			ExecutionOrderSort (0ms)
			DisableScriptedObjects (4ms)
			BackupInstance (0ms)
			ReleaseScriptingObjects (0ms)
			CreateAndSetChildDomain (15ms)
		EndReloadAssembly (724ms)
			LoadAssemblies (82ms)
			RebuildTransferFunctionScriptingTraits (0ms)
			SetupTypeCache (237ms)
			ReleaseScriptCaches (0ms)
			RebuildScriptCaches (36ms)
			SetupLoadedEditorAssemblies (281ms)
				LogAssemblyErrors (0ms)
				InitializePlatformSupportModulesInManaged (3ms)
				SetLoadedEditorAssemblies (0ms)
				RefreshPlugins (40ms)
				BeforeProcessingInitializeOnLoad (69ms)
				ProcessInitializeOnLoadAttributes (150ms)
				ProcessInitializeOnLoadMethodAttributes (13ms)
				AfterProcessingInitializeOnLoad (6ms)
				EditorAssembliesLoaded (0ms)
			ExecutionOrderSort2 (0ms)
			AwakeInstancesAfterBackupRestoration (5ms)
Platform modules already initialized, skipping
========================================================================
Worker process is ready to serve import requests
Launched and connected shader compiler UnityShaderCompiler.exe after 0.08 seconds
Refreshing native plugins compatible for Editor in 0.52 ms, found 3 plugins.
Preloading 0 native plugins for Editor in 0.00 ms.
Unloading 2135 Unused Serialized files (Serialized files now loaded: 0)
System memory in use before: 95.1 MB.
System memory in use after: 95.1 MB.

Unloading 29 unused Assets to reduce memory usage. Loaded Objects now: 2568.
Total: 2.649700 ms (FindLiveObjects: 0.201300 ms CreateObjectMapping: 0.091200 ms MarkObjects: 2.261000 ms  DeleteObjects: 0.095400 ms)

AssetImportParameters requested are different than current active one (requested -> active):
  custom:framework-win-MediaFoundation: 216162199b28c13a410421893ffa2e32 -> 
  custom:video-decoder-ogg-theora: a1e56fd34408186e4bbccfd4996cb3dc -> 
  custom:container-muxer-webm: aa71ff27fc2769a1b78a27578f13a17b -> 
  custom:container-demuxer-webm: 4f35f7cbe854078d1ac9338744f61a02 -> 
  custom:container-demuxer-ogg: 62fdf1f143b41e24485cea50d1cbac27 -> 
  custom:video-encoder-webm-vp8: eb34c28f22e8b96e1ab97ce403110664 -> 
  custom:video-decoder-webm-vp8: 9c59270c3fd7afecdb556c50c9e8de78 -> 
  custom:audio-decoder-ogg-vorbis: bf7c407c2cedff20999df2af8eb42d56 -> 
  custom:audio-encoder-webm-vorbis: bf7c407c2cedff20999df2af8eb42d56 -> 
========================================================================
Received Import Request.
  path: Assets/Prefubs/Stages/AREA00.prefab
  artifactKey: Guid(5bc81ba5a2101374a8a5f5c0095e17e0) Importer(815301076,1909f56bfc062723c751e8b465ee728b)
Start importing Assets/Prefubs/Stages/AREA00.prefab using Guid(5bc81ba5a2101374a8a5f5c0095e17e0) Importer(815301076,1909f56bfc062723c751e8b465ee728b)  -> (artifact id: '49eca149f08e339425469750b2a34611') in 0.076836 seconds 
========================================================================
Received Prepare
Registering precompiled user dll's ...
Registered in 0.003448 seconds.
Begin MonoManager ReloadAssembly
Symbol file data-000001E945DF7010 doesn't match image C:\Users\2016002\Desktop\UnityWork\GameDEV\GD-4GA3-Summer-Main\GD3_SummerProject\Library\ScriptAssemblies\Unity.2D.Animation.Editor.dll
Symbol file LoadedFromMemory is not a mono symbol file
Symbol file data-000001E94B5E0D50 doesn't match image C:\Users\2016002\Desktop\UnityWork\GameDEV\GD-4GA3-Summer-Main\GD3_SummerProject\Library\ScriptAssemblies\Unity.InternalAPIEngineBridge.001.dll
Symbol file LoadedFromMemory is not a mono symbol file
Symbol file data-000001E942A3DD20 doesn't match image C:\Users\2016002\Desktop\UnityWork\GameDEV\GD-4GA3-Summer-Main\GD3_SummerProject\Library\ScriptAssemblies\Unity.VSCode.Editor.dll
Symbol file LoadedFromMemory is not a mono symbol file
Symbol file data-000001E9471EBA70 doesn't match image C:\Users\2016002\Desktop\UnityWork\GameDEV\GD-4GA3-Summer-Main\GD3_SummerProject\Library\ScriptAssemblies\Unity.2D.PixelPerfect.dll
Symbol file LoadedFromMemory is not a mono symbol file
Symbol file data-000001E947014010 doesn't match image C:\Users\2016002\Desktop\UnityWork\GameDEV\GD-4GA3-Summer-Main\GD3_SummerProject\Library\ScriptAssemblies\Unity.2D.Tilemap.Editor.dll
Symbol file LoadedFromMemory is not a mono symbol file
Symbol file data-000001E94B0AB590 doesn't match image C:\Users\2016002\Desktop\UnityWork\GameDEV\GD-4GA3-Summer-Main\GD3_SummerProject\Library\ScriptAssemblies\PsdPlugin.dll
Symbol file LoadedFromMemory is not a mono symbol file
Symbol file data-000001E9464AD020 doesn't match image C:\Users\2016002\Desktop\UnityWork\GameDEV\GD-4GA3-Summer-Main\GD3_SummerProject\Library\ScriptAssemblies\Unity.TextMeshPro.Editor.dll
Symbol file LoadedFromMemory is not a mono symbol file
Symbol file data-000001E942CFF250 doesn't match image C:\Users\2016002\Desktop\UnityWork\GameDEV\GD-4GA3-Summer-Main\GD3_SummerProject\Library\ScriptAssemblies\Unity.VisualStudio.Editor.dll
Symbol file LoadedFromMemory is not a mono symbol file
Symbol file data-000001E946E8B010 doesn't match image C:\Users\2016002\Desktop\UnityWork\GameDEV\GD-4GA3-Summer-Main\GD3_SummerProject\Library\ScriptAssemblies\UnityEngine.TestRunner.dll
Symbol file LoadedFromMemory is not a mono symbol file
Symbol file data-000001E947014010 doesn't match image C:\Users\2016002\Desktop\UnityWork\GameDEV\GD-4GA3-Summer-Main\GD3_SummerProject\Library\ScriptAssemblies\Unity.Timeline.dll
Symbol file LoadedFromMemory is not a mono symbol file
Symbol file data-000001E945FF2420 doesn't match image C:\Users\2016002\Desktop\UnityWork\GameDEV\GD-4GA3-Summer-Main\GD3_SummerProject\Library\ScriptAssemblies\Unity.TextMeshPro.dll
Symbol file LoadedFromMemory is not a mono symbol file
Symbol file data-000001E945D80020 doesn't match image C:\Users\2016002\Desktop\UnityWork\GameDEV\GD-4GA3-Summer-Main\GD3_SummerProject\Library\ScriptAssemblies\UnityEditor.TestRunner.dll
Symbol file LoadedFromMemory is not a mono symbol file
Symbol file data-000001E942A3DD20 doesn't match image C:\Users\2016002\Desktop\UnityWork\GameDEV\GD-4GA3-Summer-Main\GD3_SummerProject\Library\ScriptAssemblies\Unity.2D.IK.Editor.dll
Symbol file LoadedFromMemory is not a mono symbol file
Symbol file data-000001E947014010 doesn't match image C:\Users\2016002\Desktop\UnityWork\GameDEV\GD-4GA3-Summer-Main\GD3_SummerProject\Library\ScriptAssemblies\Unity.2D.Sprite.Editor.dll
Symbol file LoadedFromMemory is not a mono symbol file
Symbol file data-000001E942CFF250 doesn't match image C:\Users\2016002\Desktop\UnityWork\GameDEV\GD-4GA3-Summer-Main\GD3_SummerProject\Library\ScriptAssemblies\Unity.2D.Psdimporter.Editor.dll
Symbol file LoadedFromMemory is not a mono symbol file
Symbol file data-000001E946B3E220 doesn't match image C:\Users\2016002\Desktop\UnityWork\GameDEV\GD-4GA3-Summer-Main\GD3_SummerProject\Library\ScriptAssemblies\Unity.2D.Path.Editor.dll
Symbol file LoadedFromMemory is not a mono symbol file
Symbol file data-000001E942A6FEB0 doesn't match image C:\Users\2016002\Desktop\UnityWork\GameDEV\GD-4GA3-Summer-Main\GD3_SummerProject\Library\ScriptAssemblies\Unity.InternalAPIEditorBridge.001.dll
Symbol file LoadedFromMemory is not a mono symbol file
Symbol file data-000001E942CFF250 doesn't match image C:\Users\2016002\Desktop\UnityWork\GameDEV\GD-4GA3-Summer-Main\GD3_SummerProject\Library\ScriptAssemblies\UnityEditor.UI.dll
Symbol file LoadedFromMemory is not a mono symbol file
Symbol file data-000001E9478F1C20 doesn't match image C:\Users\2016002\Desktop\UnityWork\GameDEV\GD-4GA3-Summer-Main\GD3_SummerProject\Library\ScriptAssemblies\Unity.Rider.Editor.dll
Symbol file LoadedFromMemory is not a mono symbol file
Symbol file data-000001E947987050 doesn't match image C:\Users\2016002\Desktop\UnityWork\GameDEV\GD-4GA3-Summer-Main\GD3_SummerProject\Library\ScriptAssemblies\Unity.PlasticSCM.Editor.dll
Symbol file LoadedFromMemory is not a mono symbol file
Symbol file data-000001E945E1BC20 doesn't match image C:\Users\2016002\Desktop\UnityWork\GameDEV\GD-4GA3-Summer-Main\GD3_SummerProject\Library\ScriptAssemblies\UnityEngine.UI.dll
Symbol file LoadedFromMemory is not a mono symbol file
Symbol file data-000001E9459A0620 doesn't match image C:\Users\2016002\Desktop\UnityWork\GameDEV\GD-4GA3-Summer-Main\GD3_SummerProject\Library\ScriptAssemblies\Unity.Mathematics.dll
Symbol file LoadedFromMemory is not a mono symbol file
Symbol file data-000001E94B091C00 doesn't match image C:\Users\2016002\Desktop\UnityWork\GameDEV\GD-4GA3-Summer-Main\GD3_SummerProject\Library\ScriptAssemblies\Unity.2D.IK.Runtime.dll
Symbol file LoadedFromMemory is not a mono symbol file
Symbol file data-000001E942CFF250 doesn't match image C:\Users\2016002\Desktop\UnityWork\GameDEV\GD-4GA3-Summer-Main\GD3_SummerProject\Library\ScriptAssemblies\Unity.Services.Core.Editor.dll
Symbol file LoadedFromMemory is not a mono symbol file
Symbol file data-000001E945E1BC20 doesn't match image C:\Users\2016002\Desktop\UnityWork\GameDEV\GD-4GA3-Summer-Main\GD3_SummerProject\Library\ScriptAssemblies\Unity.2D.Animation.Triangle.Runtime.dll
Symbol file LoadedFromMemory is not a mono symbol file
Symbol file data-000001E942E18580 doesn't match image C:\Users\2016002\Desktop\UnityWork\GameDEV\GD-4GA3-Summer-Main\GD3_SummerProject\Library\ScriptAssemblies\Unity.2D.Animation.Runtime.dll
Symbol file LoadedFromMemory is not a mono symbol file
Symbol file data-000001E94AC3E7D0 doesn't match image C:\Users\2016002\Desktop\UnityWork\GameDEV\GD-4GA3-Summer-Main\GD3_SummerProject\Library\ScriptAssemblies\Unity.2D.PixelPerfect.Editor.dll
Symbol file LoadedFromMemory is not a mono symbol file
Symbol file data-000001E9491CC020 doesn't match image C:\Users\2016002\Desktop\UnityWork\GameDEV\GD-4GA3-Summer-Main\GD3_SummerProject\Library\ScriptAssemblies\Unity.Timeline.Editor.dll
Symbol file LoadedFromMemory is not a mono symbol file
Symbol file data-000001E946E8B010 doesn't match image C:\Users\2016002\Desktop\UnityWork\GameDEV\GD-4GA3-Summer-Main\GD3_SummerProject\Library\ScriptAssemblies\Unity.CollabProxy.Editor.dll
Symbol file LoadedFromMemory is not a mono symbol file
Symbol file data-000001E942F07B10 doesn't match image C:\Users\2016002\Desktop\UnityWork\GameDEV\GD-4GA3-Summer-Main\GD3_SummerProject\Library\ScriptAssemblies\Unity.Mathematics.Editor.dll
Symbol file LoadedFromMemory is not a mono symbol file
Symbol file data-000001E946402280 doesn't match image C:\Users\2016002\Desktop\UnityWork\GameDEV\GD-4GA3-Summer-Main\GD3_SummerProject\Library\ScriptAssemblies\Unity.2D.Common.Runtime.dll
Symbol file LoadedFromMemory is not a mono symbol file
Symbol file data-000001E942CFF250 doesn't match image C:\Users\2016002\Desktop\UnityWork\GameDEV\GD-4GA3-Summer-Main\GD3_SummerProject\Library\ScriptAssemblies\Unity.2D.SpriteShape.Editor.dll
Symbol file LoadedFromMemory is not a mono symbol file
Symbol file data-000001E942A3DD20 doesn't match image C:\Users\2016002\Desktop\UnityWork\GameDEV\GD-4GA3-Summer-Main\GD3_SummerProject\Library\ScriptAssemblies\Unity.2D.Common.Editor.dll
Symbol file LoadedFromMemory is not a mono symbol file
Symbol file data-000001E9464AD020 doesn't match image C:\Users\2016002\Desktop\UnityWork\GameDEV\GD-4GA3-Summer-Main\GD3_SummerProject\Library\ScriptAssemblies\Unity.2D.SpriteShape.Runtime.dll
Symbol file LoadedFromMemory is not a mono symbol file
Native extension for WindowsStandalone target not found
Refreshing native plugins compatible for Editor in 0.51 ms, found 3 plugins.
Preloading 0 native plugins for Editor in 0.00 ms.
Mono: successfully reloaded assembly
- Completed reload, in  0.897 seconds
Domain Reload Profiling:
	ReloadAssembly (897ms)
		BeginReloadAssembly (109ms)
			ExecutionOrderSort (0ms)
			DisableScriptedObjects (5ms)
			BackupInstance (0ms)
			ReleaseScriptingObjects (0ms)
			CreateAndSetChildDomain (29ms)
		EndReloadAssembly (724ms)
			LoadAssemblies (91ms)
			RebuildTransferFunctionScriptingTraits (0ms)
			SetupTypeCache (252ms)
			ReleaseScriptCaches (1ms)
			RebuildScriptCaches (34ms)
			SetupLoadedEditorAssemblies (262ms)
				LogAssemblyErrors (0ms)
				InitializePlatformSupportModulesInManaged (4ms)
				SetLoadedEditorAssemblies (0ms)
				RefreshPlugins (1ms)
				BeforeProcessingInitializeOnLoad (75ms)
				ProcessInitializeOnLoadAttributes (163ms)
				ProcessInitializeOnLoadMethodAttributes (12ms)
				AfterProcessingInitializeOnLoad (7ms)
				EditorAssembliesLoaded (0ms)
			ExecutionOrderSort2 (0ms)
			AwakeInstancesAfterBackupRestoration (9ms)
Platform modules already initialized, skipping
Refreshing native plugins compatible for Editor in 0.51 ms, found 3 plugins.
Preloading 0 native plugins for Editor in 0.00 ms.
Unloading 2130 Unused Serialized files (Serialized files now loaded: 0)
System memory in use before: 98.1 MB.
System memory in use after: 98.0 MB.

Unloading 21 unused Assets to reduce memory usage. Loaded Objects now: 2578.
Total: 2.532500 ms (FindLiveObjects: 0.135400 ms CreateObjectMapping: 0.060600 ms MarkObjects: 2.190000 ms  DeleteObjects: 0.146000 ms)

AssetImportParameters requested are different than current active one (requested -> active):
  custom:framework-win-MediaFoundation: 216162199b28c13a410421893ffa2e32 -> 
  custom:video-decoder-ogg-theora: a1e56fd34408186e4bbccfd4996cb3dc -> 
  custom:container-muxer-webm: aa71ff27fc2769a1b78a27578f13a17b -> 
  custom:container-demuxer-webm: 4f35f7cbe854078d1ac9338744f61a02 -> 
  custom:container-demuxer-ogg: 62fdf1f143b41e24485cea50d1cbac27 -> 
  custom:video-encoder-webm-vp8: eb34c28f22e8b96e1ab97ce403110664 -> 
  custom:video-decoder-webm-vp8: 9c59270c3fd7afecdb556c50c9e8de78 -> 
  custom:audio-decoder-ogg-vorbis: bf7c407c2cedff20999df2af8eb42d56 -> 
  custom:audio-encoder-webm-vorbis: bf7c407c2cedff20999df2af8eb42d56 -> 
AssetImportWorkerClient::OnTransportError - code=2 error=End of file
